"gcc-4.2 -o conftest -I/Users/yannis/.rbenv/versions/2.1.4/include/ruby-2.1.0/x86_64-darwin13.0 -I/Users/yannis/.rbenv/versions/2.1.4/include/ruby-2.1.0/ruby/backward -I/Users/yannis/.rbenv/versions/2.1.4/include/ruby-2.1.0 -I. -I/Users/yannis/.rbenv/versions/2.1.4/include  -D_XOPEN_SOURCE -D_DARWIN_C_SOURCE -D_DARWIN_UNLIMITED_SELECT -D_REENTRANT    -O3 -Wno-error=shorten-64-to-32  -pipe  conftest.c  -L. -L/Users/yannis/.rbenv/versions/2.1.4/lib -L. -L/Users/yannis/.rbenv/versions/2.1.4/lib  -fstack-protector     -lruby-static -framework CoreFoundation  -lpthread -ldl -lobjc  "
checked program was:
/* begin */
1: #include "ruby.h"
2: 
3: int main(int argc, char **argv)
4: {
5:   return 0;
6: }
/* end */

"gcc-4.2 -I/Users/yannis/.rbenv/versions/2.1.4/include/ruby-2.1.0/x86_64-darwin13.0 -I/Users/yannis/.rbenv/versions/2.1.4/include/ruby-2.1.0/ruby/backward -I/Users/yannis/.rbenv/versions/2.1.4/include/ruby-2.1.0 -I. -I/Users/yannis/.rbenv/versions/2.1.4/include  -D_XOPEN_SOURCE -D_DARWIN_C_SOURCE -D_DARWIN_UNLIMITED_SELECT -D_REENTRANT    -O3 -Wno-error=shorten-64-to-32  -pipe    -Werror -c conftest.c"
checked program was:
/* begin */
1: #include "ruby.h"
2: 
3: int main() {return 0;}
/* end */

"gcc-4.2 -I/Users/yannis/.rbenv/versions/2.1.4/include/ruby-2.1.0/x86_64-darwin13.0 -I/Users/yannis/.rbenv/versions/2.1.4/include/ruby-2.1.0/ruby/backward -I/Users/yannis/.rbenv/versions/2.1.4/include/ruby-2.1.0 -I. -I/Users/yannis/.rbenv/versions/2.1.4/include  -D_XOPEN_SOURCE -D_DARWIN_C_SOURCE -D_DARWIN_UNLIMITED_SELECT -D_REENTRANT    -O3 -Wno-error=shorten-64-to-32  -pipe  -Wno-error=unused-command-line-argument-hard-error-in-future   -Werror -c conftest.c"
cc1: error: -Werror=unused-command-line-argument-hard-error-in-future: No option -Wunused-command-line-argument-hard-error-in-future
checked program was:
/* begin */
1: #include "ruby.h"
2: 
3: int main() {return 0;}
/* end */

have_iconv?: checking for iconv... -------------------- yes

"gcc-4.2 -o conftest -I/Users/yannis/.rbenv/versions/2.1.4/include/ruby-2.1.0/x86_64-darwin13.0 -I/Users/yannis/.rbenv/versions/2.1.4/include/ruby-2.1.0/ruby/backward -I/Users/yannis/.rbenv/versions/2.1.4/include/ruby-2.1.0 -I. -I/Users/yannis/.rbenv/versions/2.1.4/include  -D_XOPEN_SOURCE -D_DARWIN_C_SOURCE -D_DARWIN_UNLIMITED_SELECT -D_REENTRANT    -O3 -Wno-error=shorten-64-to-32  -pipe  -Wall -Wcast-qual -Wwrite-strings -Wconversion -Wmissing-noreturn -Winline conftest.c  -L. -L/Users/yannis/.rbenv/versions/2.1.4/lib -L. -L/Users/yannis/.rbenv/versions/2.1.4/lib  -fstack-protector     -lruby-static -framework CoreFoundation  -lpthread -ldl -lobjc  "
Undefined symbols for architecture x86_64:
  "_iconv", referenced from:
      _main in ccOycsIf.o
  "_iconv_open", referenced from:
      _main in ccOycsIf.o
ld: symbol(s) not found for architecture x86_64
collect2: ld returned 1 exit status
checked program was:
/* begin */
 1: #include "ruby.h"
 2: 
 3: #include <stdlib.h>
 4: #include <iconv.h>
 5: 
 6: int main(void)
 7: {
 8:     iconv_t cd = iconv_open("", "");
 9:     iconv(cd, NULL, NULL, NULL, NULL);
10:     return EXIT_SUCCESS;
11: }
/* end */

"gcc-4.2 -o conftest -I/Users/yannis/.rbenv/versions/2.1.4/include/ruby-2.1.0/x86_64-darwin13.0 -I/Users/yannis/.rbenv/versions/2.1.4/include/ruby-2.1.0/ruby/backward -I/Users/yannis/.rbenv/versions/2.1.4/include/ruby-2.1.0 -I. -I/Users/yannis/.rbenv/versions/2.1.4/include  -D_XOPEN_SOURCE -D_DARWIN_C_SOURCE -D_DARWIN_UNLIMITED_SELECT -D_REENTRANT    -O3 -Wno-error=shorten-64-to-32  -pipe  -Wall -Wcast-qual -Wwrite-strings -Wconversion -Wmissing-noreturn -Winline conftest.c  -L. -L/Users/yannis/.rbenv/versions/2.1.4/lib -L. -L/Users/yannis/.rbenv/versions/2.1.4/lib  -fstack-protector     -lruby-static -framework CoreFoundation -liconv -lpthread -ldl -lobjc  "
checked program was:
/* begin */
 1: #include "ruby.h"
 2: 
 3: #include <stdlib.h>
 4: #include <iconv.h>
 5: 
 6: int main(void)
 7: {
 8:     iconv_t cd = iconv_open("", "");
 9:     iconv(cd, NULL, NULL, NULL, NULL);
10:     return EXIT_SUCCESS;
11: }
/* end */

--------------------

have_library: checking for main() in -llzma... -------------------- yes

"gcc-4.2 -o conftest -I/Users/yannis/.rbenv/versions/2.1.4/include/ruby-2.1.0/x86_64-darwin13.0 -I/Users/yannis/.rbenv/versions/2.1.4/include/ruby-2.1.0/ruby/backward -I/Users/yannis/.rbenv/versions/2.1.4/include/ruby-2.1.0 -I. -I/Users/yannis/.rbenv/versions/2.1.4/include  -D_XOPEN_SOURCE -D_DARWIN_C_SOURCE -D_DARWIN_UNLIMITED_SELECT -D_REENTRANT    -O3 -Wno-error=shorten-64-to-32  -pipe  -Wall -Wcast-qual -Wwrite-strings -Wconversion -Wmissing-noreturn -Winline -DNOKOGIRI_USE_PACKAGED_LIBRARIES conftest.c  -L. -L/Users/yannis/.rbenv/versions/2.1.4/lib -L. -L/Users/yannis/.rbenv/versions/2.1.4/lib  -fstack-protector     -lruby-static -framework CoreFoundation -llzma  -lpthread -ldl -lobjc  "
checked program was:
/* begin */
 1: #include "ruby.h"
 2: 
 3: /*top*/
 4: extern int t(void);
 5: int main(int argc, char **argv)
 6: {
 7:   if (argc > 1000000) {
 8:     printf("%p", &t);
 9:   }
10: 
11:   return 0;
12: }
13: int t(void) { void ((*volatile p)()); p = (void ((*)()))main; return 0; }
/* end */

--------------------

have_func: checking for xmlParseDoc() in libxml/parser.h... -------------------- yes

"gcc-4.2 -o conftest -I/Users/yannis/.rbenv/versions/2.1.4/include/ruby-2.1.0/x86_64-darwin13.0 -I/Users/yannis/.rbenv/versions/2.1.4/include/ruby-2.1.0/ruby/backward -I/Users/yannis/.rbenv/versions/2.1.4/include/ruby-2.1.0 -I. -I/Users/yannis/railsapps/kendocup/vendor/bundle/ruby/2.1.0/gems/nokogiri-1.6.4.1/ports/x86_64-apple-darwin13.4.0/libxslt/1.1.28/include -I/Users/yannis/railsapps/kendocup/vendor/bundle/ruby/2.1.0/gems/nokogiri-1.6.4.1/ports/x86_64-apple-darwin13.4.0/libxml2/2.9.2/include/libxml2 -I/Users/yannis/railsapps/kendocup/vendor/bundle/ruby/2.1.0/gems/nokogiri-1.6.4.1/ports/x86_64-apple-darwin13.4.0/libxml2/2.9.2/include/libxml2 -I/Users/yannis/.rbenv/versions/2.1.4/include  -D_XOPEN_SOURCE -D_DARWIN_C_SOURCE -D_DARWIN_UNLIMITED_SELECT -D_REENTRANT   -DNOKOGIRI_LIBXML2_PATH\=\"/Users/yannis/railsapps/kendocup/vendor/bundle/ruby/2.1.0/gems/nokogiri-1.6.4.1/ports/x86_64-apple-darwin13.4.0/libxml2/2.9.2\" -DNOKOGIRI_LIBXML2_PATCHES\=\"0001-Revert-Missing-initialization-for-the-catalog-module.patch\ 0002-Fix-missing-entities-after-CVE-2014-3660-fix.patch\" -DNOKOGIRI_LIBXSLT_PATH\=\"/Users/yannis/railsapps/kendocup/vendor/bundle/ruby/2.1.0/gems/nokogiri-1.6.4.1/ports/x86_64-apple-darwin13.4.0/libxslt/1.1.28\" -DNOKOGIRI_LIBXSLT_PATCHES\=\"0001-Adding-doc-update-related-to-1.1.28.patch\ 0002-Fix-a-couple-of-places-where-f-printf-parameters-wer.patch\ 0003-Initialize-pseudo-random-number-generator-with-curre.patch\ 0004-EXSLT-function-str-replace-is-broken-as-is.patch\ 0006-Fix-str-padding-to-work-with-UTF-8-strings.patch\ 0007-Separate-function-for-predicate-matching-in-patterns.patch\ 0008-Fix-direct-pattern-matching.patch\ 0009-Fix-certain-patterns-with-predicates.patch\ 0010-Fix-handling-of-UTF-8-strings-in-EXSLT-crypto-module.patch\ 0013-Memory-leak-in-xsltCompileIdKeyPattern-error-path.patch\ 0014-Fix-for-bug-436589.patch\ 0015-Fix-mkdir-for-mingw.patch\"  -O3 -Wno-error=shorten-64-to-32  -pipe  -Wall -Wcast-qual -Wwrite-strings -Wconversion -Wmissing-noreturn -Winline -DNOKOGIRI_USE_PACKAGED_LIBRARIES conftest.c  -L. -L/Users/yannis/.rbenv/versions/2.1.4/lib -L/Users/yannis/railsapps/kendocup/vendor/bundle/ruby/2.1.0/gems/nokogiri-1.6.4.1/ports/x86_64-apple-darwin13.4.0/libxml2/2.9.2/lib -L/Users/yannis/railsapps/kendocup/vendor/bundle/ruby/2.1.0/gems/nokogiri-1.6.4.1/ports/x86_64-apple-darwin13.4.0/libxslt/1.1.28/lib -L. -L/Users/yannis/.rbenv/versions/2.1.4/lib  -fstack-protector    /Users/yannis/railsapps/kendocup/vendor/bundle/ruby/2.1.0/gems/nokogiri-1.6.4.1/ports/x86_64-apple-darwin13.4.0/libxslt/1.1.28/lib/libexslt.a -lm -liconv -lpthread -lz /Users/yannis/railsapps/kendocup/vendor/bundle/ruby/2.1.0/gems/nokogiri-1.6.4.1/ports/x86_64-apple-darwin13.4.0/libxml2/2.9.2/lib/libxml2.a /Users/yannis/railsapps/kendocup/vendor/bundle/ruby/2.1.0/gems/nokogiri-1.6.4.1/ports/x86_64-apple-darwin13.4.0/libxslt/1.1.28/lib/libxslt.a -lm -liconv -lpthread -lz /Users/yannis/railsapps/kendocup/vendor/bundle/ruby/2.1.0/gems/nokogiri-1.6.4.1/ports/x86_64-apple-darwin13.4.0/libxml2/2.9.2/lib/libxml2.a -llzma -lruby-static -framework CoreFoundation /Users/yannis/railsapps/kendocup/vendor/bundle/ruby/2.1.0/gems/nokogiri-1.6.4.1/ports/x86_64-apple-darwin13.4.0/libxslt/1.1.28/lib/libexslt.a -lm -liconv -lpthread -lz /Users/yannis/railsapps/kendocup/vendor/bundle/ruby/2.1.0/gems/nokogiri-1.6.4.1/ports/x86_64-apple-darwin13.4.0/libxml2/2.9.2/lib/libxml2.a /Users/yannis/railsapps/kendocup/vendor/bundle/ruby/2.1.0/gems/nokogiri-1.6.4.1/ports/x86_64-apple-darwin13.4.0/libxslt/1.1.28/lib/libxslt.a -lm -liconv -lpthread -lz /Users/yannis/railsapps/kendocup/vendor/bundle/ruby/2.1.0/gems/nokogiri-1.6.4.1/ports/x86_64-apple-darwin13.4.0/libxml2/2.9.2/lib/libxml2.a -llzma -lpthread -ldl -lobjc  "
checked program was:
/* begin */
 1: #include "ruby.h"
 2: 
 3: #include <libxml/parser.h>
 4: 
 5: /*top*/
 6: extern int t(void);
 7: int main(int argc, char **argv)
 8: {
 9:   if (argc > 1000000) {
10:     printf("%p", &t);
11:   }
12: 
13:   return 0;
14: }
15: int t(void) { void ((*volatile p)()); p = (void ((*)()))xmlParseDoc; return 0; }
/* end */

--------------------

have_func: checking for xsltParseStylesheetDoc() in libxslt/xslt.h... -------------------- yes

"gcc-4.2 -o conftest -I/Users/yannis/.rbenv/versions/2.1.4/include/ruby-2.1.0/x86_64-darwin13.0 -I/Users/yannis/.rbenv/versions/2.1.4/include/ruby-2.1.0/ruby/backward -I/Users/yannis/.rbenv/versions/2.1.4/include/ruby-2.1.0 -I. -I/Users/yannis/railsapps/kendocup/vendor/bundle/ruby/2.1.0/gems/nokogiri-1.6.4.1/ports/x86_64-apple-darwin13.4.0/libxslt/1.1.28/include -I/Users/yannis/railsapps/kendocup/vendor/bundle/ruby/2.1.0/gems/nokogiri-1.6.4.1/ports/x86_64-apple-darwin13.4.0/libxml2/2.9.2/include/libxml2 -I/Users/yannis/railsapps/kendocup/vendor/bundle/ruby/2.1.0/gems/nokogiri-1.6.4.1/ports/x86_64-apple-darwin13.4.0/libxml2/2.9.2/include/libxml2 -I/Users/yannis/.rbenv/versions/2.1.4/include  -D_XOPEN_SOURCE -D_DARWIN_C_SOURCE -D_DARWIN_UNLIMITED_SELECT -D_REENTRANT   -DNOKOGIRI_LIBXML2_PATH\=\"/Users/yannis/railsapps/kendocup/vendor/bundle/ruby/2.1.0/gems/nokogiri-1.6.4.1/ports/x86_64-apple-darwin13.4.0/libxml2/2.9.2\" -DNOKOGIRI_LIBXML2_PATCHES\=\"0001-Revert-Missing-initialization-for-the-catalog-module.patch\ 0002-Fix-missing-entities-after-CVE-2014-3660-fix.patch\" -DNOKOGIRI_LIBXSLT_PATH\=\"/Users/yannis/railsapps/kendocup/vendor/bundle/ruby/2.1.0/gems/nokogiri-1.6.4.1/ports/x86_64-apple-darwin13.4.0/libxslt/1.1.28\" -DNOKOGIRI_LIBXSLT_PATCHES\=\"0001-Adding-doc-update-related-to-1.1.28.patch\ 0002-Fix-a-couple-of-places-where-f-printf-parameters-wer.patch\ 0003-Initialize-pseudo-random-number-generator-with-curre.patch\ 0004-EXSLT-function-str-replace-is-broken-as-is.patch\ 0006-Fix-str-padding-to-work-with-UTF-8-strings.patch\ 0007-Separate-function-for-predicate-matching-in-patterns.patch\ 0008-Fix-direct-pattern-matching.patch\ 0009-Fix-certain-patterns-with-predicates.patch\ 0010-Fix-handling-of-UTF-8-strings-in-EXSLT-crypto-module.patch\ 0013-Memory-leak-in-xsltCompileIdKeyPattern-error-path.patch\ 0014-Fix-for-bug-436589.patch\ 0015-Fix-mkdir-for-mingw.patch\"  -O3 -Wno-error=shorten-64-to-32  -pipe  -Wall -Wcast-qual -Wwrite-strings -Wconversion -Wmissing-noreturn -Winline -DNOKOGIRI_USE_PACKAGED_LIBRARIES conftest.c  -L. -L/Users/yannis/.rbenv/versions/2.1.4/lib -L/Users/yannis/railsapps/kendocup/vendor/bundle/ruby/2.1.0/gems/nokogiri-1.6.4.1/ports/x86_64-apple-darwin13.4.0/libxml2/2.9.2/lib -L/Users/yannis/railsapps/kendocup/vendor/bundle/ruby/2.1.0/gems/nokogiri-1.6.4.1/ports/x86_64-apple-darwin13.4.0/libxslt/1.1.28/lib -L. -L/Users/yannis/.rbenv/versions/2.1.4/lib  -fstack-protector    /Users/yannis/railsapps/kendocup/vendor/bundle/ruby/2.1.0/gems/nokogiri-1.6.4.1/ports/x86_64-apple-darwin13.4.0/libxslt/1.1.28/lib/libexslt.a -lm -liconv -lpthread -lz /Users/yannis/railsapps/kendocup/vendor/bundle/ruby/2.1.0/gems/nokogiri-1.6.4.1/ports/x86_64-apple-darwin13.4.0/libxml2/2.9.2/lib/libxml2.a /Users/yannis/railsapps/kendocup/vendor/bundle/ruby/2.1.0/gems/nokogiri-1.6.4.1/ports/x86_64-apple-darwin13.4.0/libxslt/1.1.28/lib/libxslt.a -lm -liconv -lpthread -lz /Users/yannis/railsapps/kendocup/vendor/bundle/ruby/2.1.0/gems/nokogiri-1.6.4.1/ports/x86_64-apple-darwin13.4.0/libxml2/2.9.2/lib/libxml2.a -llzma -lruby-static -framework CoreFoundation /Users/yannis/railsapps/kendocup/vendor/bundle/ruby/2.1.0/gems/nokogiri-1.6.4.1/ports/x86_64-apple-darwin13.4.0/libxslt/1.1.28/lib/libexslt.a -lm -liconv -lpthread -lz /Users/yannis/railsapps/kendocup/vendor/bundle/ruby/2.1.0/gems/nokogiri-1.6.4.1/ports/x86_64-apple-darwin13.4.0/libxml2/2.9.2/lib/libxml2.a /Users/yannis/railsapps/kendocup/vendor/bundle/ruby/2.1.0/gems/nokogiri-1.6.4.1/ports/x86_64-apple-darwin13.4.0/libxslt/1.1.28/lib/libxslt.a -lm -liconv -lpthread -lz /Users/yannis/railsapps/kendocup/vendor/bundle/ruby/2.1.0/gems/nokogiri-1.6.4.1/ports/x86_64-apple-darwin13.4.0/libxml2/2.9.2/lib/libxml2.a -llzma -lpthread -ldl -lobjc  "
conftest.c: In function ‘t’:
conftest.c:15: error: ‘xsltParseStylesheetDoc’ undeclared (first use in this function)
conftest.c:15: error: (Each undeclared identifier is reported only once
conftest.c:15: error: for each function it appears in.)
checked program was:
/* begin */
 1: #include "ruby.h"
 2: 
 3: #include <libxslt/xslt.h>
 4: 
 5: /*top*/
 6: extern int t(void);
 7: int main(int argc, char **argv)
 8: {
 9:   if (argc > 1000000) {
10:     printf("%p", &t);
11:   }
12: 
13:   return 0;
14: }
15: int t(void) { void ((*volatile p)()); p = (void ((*)()))xsltParseStylesheetDoc; return 0; }
/* end */

"gcc-4.2 -o conftest -I/Users/yannis/.rbenv/versions/2.1.4/include/ruby-2.1.0/x86_64-darwin13.0 -I/Users/yannis/.rbenv/versions/2.1.4/include/ruby-2.1.0/ruby/backward -I/Users/yannis/.rbenv/versions/2.1.4/include/ruby-2.1.0 -I. -I/Users/yannis/railsapps/kendocup/vendor/bundle/ruby/2.1.0/gems/nokogiri-1.6.4.1/ports/x86_64-apple-darwin13.4.0/libxslt/1.1.28/include -I/Users/yannis/railsapps/kendocup/vendor/bundle/ruby/2.1.0/gems/nokogiri-1.6.4.1/ports/x86_64-apple-darwin13.4.0/libxml2/2.9.2/include/libxml2 -I/Users/yannis/railsapps/kendocup/vendor/bundle/ruby/2.1.0/gems/nokogiri-1.6.4.1/ports/x86_64-apple-darwin13.4.0/libxml2/2.9.2/include/libxml2 -I/Users/yannis/.rbenv/versions/2.1.4/include  -D_XOPEN_SOURCE -D_DARWIN_C_SOURCE -D_DARWIN_UNLIMITED_SELECT -D_REENTRANT   -DNOKOGIRI_LIBXML2_PATH\=\"/Users/yannis/railsapps/kendocup/vendor/bundle/ruby/2.1.0/gems/nokogiri-1.6.4.1/ports/x86_64-apple-darwin13.4.0/libxml2/2.9.2\" -DNOKOGIRI_LIBXML2_PATCHES\=\"0001-Revert-Missing-initialization-for-the-catalog-module.patch\ 0002-Fix-missing-entities-after-CVE-2014-3660-fix.patch\" -DNOKOGIRI_LIBXSLT_PATH\=\"/Users/yannis/railsapps/kendocup/vendor/bundle/ruby/2.1.0/gems/nokogiri-1.6.4.1/ports/x86_64-apple-darwin13.4.0/libxslt/1.1.28\" -DNOKOGIRI_LIBXSLT_PATCHES\=\"0001-Adding-doc-update-related-to-1.1.28.patch\ 0002-Fix-a-couple-of-places-where-f-printf-parameters-wer.patch\ 0003-Initialize-pseudo-random-number-generator-with-curre.patch\ 0004-EXSLT-function-str-replace-is-broken-as-is.patch\ 0006-Fix-str-padding-to-work-with-UTF-8-strings.patch\ 0007-Separate-function-for-predicate-matching-in-patterns.patch\ 0008-Fix-direct-pattern-matching.patch\ 0009-Fix-certain-patterns-with-predicates.patch\ 0010-Fix-handling-of-UTF-8-strings-in-EXSLT-crypto-module.patch\ 0013-Memory-leak-in-xsltCompileIdKeyPattern-error-path.patch\ 0014-Fix-for-bug-436589.patch\ 0015-Fix-mkdir-for-mingw.patch\"  -O3 -Wno-error=shorten-64-to-32  -pipe  -Wall -Wcast-qual -Wwrite-strings -Wconversion -Wmissing-noreturn -Winline -DNOKOGIRI_USE_PACKAGED_LIBRARIES conftest.c  -L. -L/Users/yannis/.rbenv/versions/2.1.4/lib -L/Users/yannis/railsapps/kendocup/vendor/bundle/ruby/2.1.0/gems/nokogiri-1.6.4.1/ports/x86_64-apple-darwin13.4.0/libxml2/2.9.2/lib -L/Users/yannis/railsapps/kendocup/vendor/bundle/ruby/2.1.0/gems/nokogiri-1.6.4.1/ports/x86_64-apple-darwin13.4.0/libxslt/1.1.28/lib -L. -L/Users/yannis/.rbenv/versions/2.1.4/lib  -fstack-protector    /Users/yannis/railsapps/kendocup/vendor/bundle/ruby/2.1.0/gems/nokogiri-1.6.4.1/ports/x86_64-apple-darwin13.4.0/libxslt/1.1.28/lib/libexslt.a -lm -liconv -lpthread -lz /Users/yannis/railsapps/kendocup/vendor/bundle/ruby/2.1.0/gems/nokogiri-1.6.4.1/ports/x86_64-apple-darwin13.4.0/libxml2/2.9.2/lib/libxml2.a /Users/yannis/railsapps/kendocup/vendor/bundle/ruby/2.1.0/gems/nokogiri-1.6.4.1/ports/x86_64-apple-darwin13.4.0/libxslt/1.1.28/lib/libxslt.a -lm -liconv -lpthread -lz /Users/yannis/railsapps/kendocup/vendor/bundle/ruby/2.1.0/gems/nokogiri-1.6.4.1/ports/x86_64-apple-darwin13.4.0/libxml2/2.9.2/lib/libxml2.a -llzma -lruby-static -framework CoreFoundation /Users/yannis/railsapps/kendocup/vendor/bundle/ruby/2.1.0/gems/nokogiri-1.6.4.1/ports/x86_64-apple-darwin13.4.0/libxslt/1.1.28/lib/libexslt.a -lm -liconv -lpthread -lz /Users/yannis/railsapps/kendocup/vendor/bundle/ruby/2.1.0/gems/nokogiri-1.6.4.1/ports/x86_64-apple-darwin13.4.0/libxml2/2.9.2/lib/libxml2.a /Users/yannis/railsapps/kendocup/vendor/bundle/ruby/2.1.0/gems/nokogiri-1.6.4.1/ports/x86_64-apple-darwin13.4.0/libxslt/1.1.28/lib/libxslt.a -lm -liconv -lpthread -lz /Users/yannis/railsapps/kendocup/vendor/bundle/ruby/2.1.0/gems/nokogiri-1.6.4.1/ports/x86_64-apple-darwin13.4.0/libxml2/2.9.2/lib/libxml2.a -llzma -lpthread -ldl -lobjc  "
conftest.c: In function ‘t’:
conftest.c:15: warning: implicit declaration of function ‘xsltParseStylesheetDoc’
checked program was:
/* begin */
 1: #include "ruby.h"
 2: 
 3: #include <libxslt/xslt.h>
 4: 
 5: /*top*/
 6: extern int t(void);
 7: int main(int argc, char **argv)
 8: {
 9:   if (argc > 1000000) {
10:     printf("%p", &t);
11:   }
12: 
13:   return 0;
14: }
15: int t(void) { xsltParseStylesheetDoc(); return 0; }
/* end */

--------------------

have_func: checking for exsltFuncRegister() in libexslt/exslt.h... -------------------- yes

"gcc-4.2 -o conftest -I/Users/yannis/.rbenv/versions/2.1.4/include/ruby-2.1.0/x86_64-darwin13.0 -I/Users/yannis/.rbenv/versions/2.1.4/include/ruby-2.1.0/ruby/backward -I/Users/yannis/.rbenv/versions/2.1.4/include/ruby-2.1.0 -I. -I/Users/yannis/railsapps/kendocup/vendor/bundle/ruby/2.1.0/gems/nokogiri-1.6.4.1/ports/x86_64-apple-darwin13.4.0/libxslt/1.1.28/include -I/Users/yannis/railsapps/kendocup/vendor/bundle/ruby/2.1.0/gems/nokogiri-1.6.4.1/ports/x86_64-apple-darwin13.4.0/libxml2/2.9.2/include/libxml2 -I/Users/yannis/railsapps/kendocup/vendor/bundle/ruby/2.1.0/gems/nokogiri-1.6.4.1/ports/x86_64-apple-darwin13.4.0/libxml2/2.9.2/include/libxml2 -I/Users/yannis/.rbenv/versions/2.1.4/include  -D_XOPEN_SOURCE -D_DARWIN_C_SOURCE -D_DARWIN_UNLIMITED_SELECT -D_REENTRANT   -DNOKOGIRI_LIBXML2_PATH\=\"/Users/yannis/railsapps/kendocup/vendor/bundle/ruby/2.1.0/gems/nokogiri-1.6.4.1/ports/x86_64-apple-darwin13.4.0/libxml2/2.9.2\" -DNOKOGIRI_LIBXML2_PATCHES\=\"0001-Revert-Missing-initialization-for-the-catalog-module.patch\ 0002-Fix-missing-entities-after-CVE-2014-3660-fix.patch\" -DNOKOGIRI_LIBXSLT_PATH\=\"/Users/yannis/railsapps/kendocup/vendor/bundle/ruby/2.1.0/gems/nokogiri-1.6.4.1/ports/x86_64-apple-darwin13.4.0/libxslt/1.1.28\" -DNOKOGIRI_LIBXSLT_PATCHES\=\"0001-Adding-doc-update-related-to-1.1.28.patch\ 0002-Fix-a-couple-of-places-where-f-printf-parameters-wer.patch\ 0003-Initialize-pseudo-random-number-generator-with-curre.patch\ 0004-EXSLT-function-str-replace-is-broken-as-is.patch\ 0006-Fix-str-padding-to-work-with-UTF-8-strings.patch\ 0007-Separate-function-for-predicate-matching-in-patterns.patch\ 0008-Fix-direct-pattern-matching.patch\ 0009-Fix-certain-patterns-with-predicates.patch\ 0010-Fix-handling-of-UTF-8-strings-in-EXSLT-crypto-module.patch\ 0013-Memory-leak-in-xsltCompileIdKeyPattern-error-path.patch\ 0014-Fix-for-bug-436589.patch\ 0015-Fix-mkdir-for-mingw.patch\"  -O3 -Wno-error=shorten-64-to-32  -pipe  -Wall -Wcast-qual -Wwrite-strings -Wconversion -Wmissing-noreturn -Winline -DNOKOGIRI_USE_PACKAGED_LIBRARIES conftest.c  -L. -L/Users/yannis/.rbenv/versions/2.1.4/lib -L/Users/yannis/railsapps/kendocup/vendor/bundle/ruby/2.1.0/gems/nokogiri-1.6.4.1/ports/x86_64-apple-darwin13.4.0/libxml2/2.9.2/lib -L/Users/yannis/railsapps/kendocup/vendor/bundle/ruby/2.1.0/gems/nokogiri-1.6.4.1/ports/x86_64-apple-darwin13.4.0/libxslt/1.1.28/lib -L. -L/Users/yannis/.rbenv/versions/2.1.4/lib  -fstack-protector    /Users/yannis/railsapps/kendocup/vendor/bundle/ruby/2.1.0/gems/nokogiri-1.6.4.1/ports/x86_64-apple-darwin13.4.0/libxslt/1.1.28/lib/libexslt.a -lm -liconv -lpthread -lz /Users/yannis/railsapps/kendocup/vendor/bundle/ruby/2.1.0/gems/nokogiri-1.6.4.1/ports/x86_64-apple-darwin13.4.0/libxml2/2.9.2/lib/libxml2.a /Users/yannis/railsapps/kendocup/vendor/bundle/ruby/2.1.0/gems/nokogiri-1.6.4.1/ports/x86_64-apple-darwin13.4.0/libxslt/1.1.28/lib/libxslt.a -lm -liconv -lpthread -lz /Users/yannis/railsapps/kendocup/vendor/bundle/ruby/2.1.0/gems/nokogiri-1.6.4.1/ports/x86_64-apple-darwin13.4.0/libxml2/2.9.2/lib/libxml2.a -llzma -lruby-static -framework CoreFoundation /Users/yannis/railsapps/kendocup/vendor/bundle/ruby/2.1.0/gems/nokogiri-1.6.4.1/ports/x86_64-apple-darwin13.4.0/libxslt/1.1.28/lib/libexslt.a -lm -liconv -lpthread -lz /Users/yannis/railsapps/kendocup/vendor/bundle/ruby/2.1.0/gems/nokogiri-1.6.4.1/ports/x86_64-apple-darwin13.4.0/libxml2/2.9.2/lib/libxml2.a /Users/yannis/railsapps/kendocup/vendor/bundle/ruby/2.1.0/gems/nokogiri-1.6.4.1/ports/x86_64-apple-darwin13.4.0/libxslt/1.1.28/lib/libxslt.a -lm -liconv -lpthread -lz /Users/yannis/railsapps/kendocup/vendor/bundle/ruby/2.1.0/gems/nokogiri-1.6.4.1/ports/x86_64-apple-darwin13.4.0/libxml2/2.9.2/lib/libxml2.a -llzma -lpthread -ldl -lobjc  "
checked program was:
/* begin */
 1: #include "ruby.h"
 2: 
 3: #include <libexslt/exslt.h>
 4: 
 5: /*top*/
 6: extern int t(void);
 7: int main(int argc, char **argv)
 8: {
 9:   if (argc > 1000000) {
10:     printf("%p", &t);
11:   }
12: 
13:   return 0;
14: }
15: int t(void) { void ((*volatile p)()); p = (void ((*)()))exsltFuncRegister; return 0; }
/* end */

--------------------

have_func: checking for xmlHasFeature()... -------------------- yes

"gcc-4.2 -o conftest -I/Users/yannis/.rbenv/versions/2.1.4/include/ruby-2.1.0/x86_64-darwin13.0 -I/Users/yannis/.rbenv/versions/2.1.4/include/ruby-2.1.0/ruby/backward -I/Users/yannis/.rbenv/versions/2.1.4/include/ruby-2.1.0 -I. -I/Users/yannis/railsapps/kendocup/vendor/bundle/ruby/2.1.0/gems/nokogiri-1.6.4.1/ports/x86_64-apple-darwin13.4.0/libxslt/1.1.28/include -I/Users/yannis/railsapps/kendocup/vendor/bundle/ruby/2.1.0/gems/nokogiri-1.6.4.1/ports/x86_64-apple-darwin13.4.0/libxml2/2.9.2/include/libxml2 -I/Users/yannis/railsapps/kendocup/vendor/bundle/ruby/2.1.0/gems/nokogiri-1.6.4.1/ports/x86_64-apple-darwin13.4.0/libxml2/2.9.2/include/libxml2 -I/Users/yannis/.rbenv/versions/2.1.4/include  -D_XOPEN_SOURCE -D_DARWIN_C_SOURCE -D_DARWIN_UNLIMITED_SELECT -D_REENTRANT   -DNOKOGIRI_LIBXML2_PATH\=\"/Users/yannis/railsapps/kendocup/vendor/bundle/ruby/2.1.0/gems/nokogiri-1.6.4.1/ports/x86_64-apple-darwin13.4.0/libxml2/2.9.2\" -DNOKOGIRI_LIBXML2_PATCHES\=\"0001-Revert-Missing-initialization-for-the-catalog-module.patch\ 0002-Fix-missing-entities-after-CVE-2014-3660-fix.patch\" -DNOKOGIRI_LIBXSLT_PATH\=\"/Users/yannis/railsapps/kendocup/vendor/bundle/ruby/2.1.0/gems/nokogiri-1.6.4.1/ports/x86_64-apple-darwin13.4.0/libxslt/1.1.28\" -DNOKOGIRI_LIBXSLT_PATCHES\=\"0001-Adding-doc-update-related-to-1.1.28.patch\ 0002-Fix-a-couple-of-places-where-f-printf-parameters-wer.patch\ 0003-Initialize-pseudo-random-number-generator-with-curre.patch\ 0004-EXSLT-function-str-replace-is-broken-as-is.patch\ 0006-Fix-str-padding-to-work-with-UTF-8-strings.patch\ 0007-Separate-function-for-predicate-matching-in-patterns.patch\ 0008-Fix-direct-pattern-matching.patch\ 0009-Fix-certain-patterns-with-predicates.patch\ 0010-Fix-handling-of-UTF-8-strings-in-EXSLT-crypto-module.patch\ 0013-Memory-leak-in-xsltCompileIdKeyPattern-error-path.patch\ 0014-Fix-for-bug-436589.patch\ 0015-Fix-mkdir-for-mingw.patch\"  -O3 -Wno-error=shorten-64-to-32  -pipe  -Wall -Wcast-qual -Wwrite-strings -Wconversion -Wmissing-noreturn -Winline -DNOKOGIRI_USE_PACKAGED_LIBRARIES conftest.c  -L. -L/Users/yannis/.rbenv/versions/2.1.4/lib -L/Users/yannis/railsapps/kendocup/vendor/bundle/ruby/2.1.0/gems/nokogiri-1.6.4.1/ports/x86_64-apple-darwin13.4.0/libxml2/2.9.2/lib -L/Users/yannis/railsapps/kendocup/vendor/bundle/ruby/2.1.0/gems/nokogiri-1.6.4.1/ports/x86_64-apple-darwin13.4.0/libxslt/1.1.28/lib -L. -L/Users/yannis/.rbenv/versions/2.1.4/lib  -fstack-protector    /Users/yannis/railsapps/kendocup/vendor/bundle/ruby/2.1.0/gems/nokogiri-1.6.4.1/ports/x86_64-apple-darwin13.4.0/libxslt/1.1.28/lib/libexslt.a -lm -liconv -lpthread -lz /Users/yannis/railsapps/kendocup/vendor/bundle/ruby/2.1.0/gems/nokogiri-1.6.4.1/ports/x86_64-apple-darwin13.4.0/libxml2/2.9.2/lib/libxml2.a /Users/yannis/railsapps/kendocup/vendor/bundle/ruby/2.1.0/gems/nokogiri-1.6.4.1/ports/x86_64-apple-darwin13.4.0/libxslt/1.1.28/lib/libxslt.a -lm -liconv -lpthread -lz /Users/yannis/railsapps/kendocup/vendor/bundle/ruby/2.1.0/gems/nokogiri-1.6.4.1/ports/x86_64-apple-darwin13.4.0/libxml2/2.9.2/lib/libxml2.a -llzma -lruby-static -framework CoreFoundation /Users/yannis/railsapps/kendocup/vendor/bundle/ruby/2.1.0/gems/nokogiri-1.6.4.1/ports/x86_64-apple-darwin13.4.0/libxslt/1.1.28/lib/libexslt.a -lm -liconv -lpthread -lz /Users/yannis/railsapps/kendocup/vendor/bundle/ruby/2.1.0/gems/nokogiri-1.6.4.1/ports/x86_64-apple-darwin13.4.0/libxml2/2.9.2/lib/libxml2.a /Users/yannis/railsapps/kendocup/vendor/bundle/ruby/2.1.0/gems/nokogiri-1.6.4.1/ports/x86_64-apple-darwin13.4.0/libxslt/1.1.28/lib/libxslt.a -lm -liconv -lpthread -lz /Users/yannis/railsapps/kendocup/vendor/bundle/ruby/2.1.0/gems/nokogiri-1.6.4.1/ports/x86_64-apple-darwin13.4.0/libxml2/2.9.2/lib/libxml2.a -llzma -lpthread -ldl -lobjc  "
conftest.c: In function ‘t’:
conftest.c:13: error: ‘xmlHasFeature’ undeclared (first use in this function)
conftest.c:13: error: (Each undeclared identifier is reported only once
conftest.c:13: error: for each function it appears in.)
checked program was:
/* begin */
 1: #include "ruby.h"
 2: 
 3: /*top*/
 4: extern int t(void);
 5: int main(int argc, char **argv)
 6: {
 7:   if (argc > 1000000) {
 8:     printf("%p", &t);
 9:   }
10: 
11:   return 0;
12: }
13: int t(void) { void ((*volatile p)()); p = (void ((*)()))xmlHasFeature; return 0; }
/* end */

"gcc-4.2 -o conftest -I/Users/yannis/.rbenv/versions/2.1.4/include/ruby-2.1.0/x86_64-darwin13.0 -I/Users/yannis/.rbenv/versions/2.1.4/include/ruby-2.1.0/ruby/backward -I/Users/yannis/.rbenv/versions/2.1.4/include/ruby-2.1.0 -I. -I/Users/yannis/railsapps/kendocup/vendor/bundle/ruby/2.1.0/gems/nokogiri-1.6.4.1/ports/x86_64-apple-darwin13.4.0/libxslt/1.1.28/include -I/Users/yannis/railsapps/kendocup/vendor/bundle/ruby/2.1.0/gems/nokogiri-1.6.4.1/ports/x86_64-apple-darwin13.4.0/libxml2/2.9.2/include/libxml2 -I/Users/yannis/railsapps/kendocup/vendor/bundle/ruby/2.1.0/gems/nokogiri-1.6.4.1/ports/x86_64-apple-darwin13.4.0/libxml2/2.9.2/include/libxml2 -I/Users/yannis/.rbenv/versions/2.1.4/include  -D_XOPEN_SOURCE -D_DARWIN_C_SOURCE -D_DARWIN_UNLIMITED_SELECT -D_REENTRANT   -DNOKOGIRI_LIBXML2_PATH\=\"/Users/yannis/railsapps/kendocup/vendor/bundle/ruby/2.1.0/gems/nokogiri-1.6.4.1/ports/x86_64-apple-darwin13.4.0/libxml2/2.9.2\" -DNOKOGIRI_LIBXML2_PATCHES\=\"0001-Revert-Missing-initialization-for-the-catalog-module.patch\ 0002-Fix-missing-entities-after-CVE-2014-3660-fix.patch\" -DNOKOGIRI_LIBXSLT_PATH\=\"/Users/yannis/railsapps/kendocup/vendor/bundle/ruby/2.1.0/gems/nokogiri-1.6.4.1/ports/x86_64-apple-darwin13.4.0/libxslt/1.1.28\" -DNOKOGIRI_LIBXSLT_PATCHES\=\"0001-Adding-doc-update-related-to-1.1.28.patch\ 0002-Fix-a-couple-of-places-where-f-printf-parameters-wer.patch\ 0003-Initialize-pseudo-random-number-generator-with-curre.patch\ 0004-EXSLT-function-str-replace-is-broken-as-is.patch\ 0006-Fix-str-padding-to-work-with-UTF-8-strings.patch\ 0007-Separate-function-for-predicate-matching-in-patterns.patch\ 0008-Fix-direct-pattern-matching.patch\ 0009-Fix-certain-patterns-with-predicates.patch\ 0010-Fix-handling-of-UTF-8-strings-in-EXSLT-crypto-module.patch\ 0013-Memory-leak-in-xsltCompileIdKeyPattern-error-path.patch\ 0014-Fix-for-bug-436589.patch\ 0015-Fix-mkdir-for-mingw.patch\"  -O3 -Wno-error=shorten-64-to-32  -pipe  -Wall -Wcast-qual -Wwrite-strings -Wconversion -Wmissing-noreturn -Winline -DNOKOGIRI_USE_PACKAGED_LIBRARIES conftest.c  -L. -L/Users/yannis/.rbenv/versions/2.1.4/lib -L/Users/yannis/railsapps/kendocup/vendor/bundle/ruby/2.1.0/gems/nokogiri-1.6.4.1/ports/x86_64-apple-darwin13.4.0/libxml2/2.9.2/lib -L/Users/yannis/railsapps/kendocup/vendor/bundle/ruby/2.1.0/gems/nokogiri-1.6.4.1/ports/x86_64-apple-darwin13.4.0/libxslt/1.1.28/lib -L. -L/Users/yannis/.rbenv/versions/2.1.4/lib  -fstack-protector    /Users/yannis/railsapps/kendocup/vendor/bundle/ruby/2.1.0/gems/nokogiri-1.6.4.1/ports/x86_64-apple-darwin13.4.0/libxslt/1.1.28/lib/libexslt.a -lm -liconv -lpthread -lz /Users/yannis/railsapps/kendocup/vendor/bundle/ruby/2.1.0/gems/nokogiri-1.6.4.1/ports/x86_64-apple-darwin13.4.0/libxml2/2.9.2/lib/libxml2.a /Users/yannis/railsapps/kendocup/vendor/bundle/ruby/2.1.0/gems/nokogiri-1.6.4.1/ports/x86_64-apple-darwin13.4.0/libxslt/1.1.28/lib/libxslt.a -lm -liconv -lpthread -lz /Users/yannis/railsapps/kendocup/vendor/bundle/ruby/2.1.0/gems/nokogiri-1.6.4.1/ports/x86_64-apple-darwin13.4.0/libxml2/2.9.2/lib/libxml2.a -llzma -lruby-static -framework CoreFoundation /Users/yannis/railsapps/kendocup/vendor/bundle/ruby/2.1.0/gems/nokogiri-1.6.4.1/ports/x86_64-apple-darwin13.4.0/libxslt/1.1.28/lib/libexslt.a -lm -liconv -lpthread -lz /Users/yannis/railsapps/kendocup/vendor/bundle/ruby/2.1.0/gems/nokogiri-1.6.4.1/ports/x86_64-apple-darwin13.4.0/libxml2/2.9.2/lib/libxml2.a /Users/yannis/railsapps/kendocup/vendor/bundle/ruby/2.1.0/gems/nokogiri-1.6.4.1/ports/x86_64-apple-darwin13.4.0/libxslt/1.1.28/lib/libxslt.a -lm -liconv -lpthread -lz /Users/yannis/railsapps/kendocup/vendor/bundle/ruby/2.1.0/gems/nokogiri-1.6.4.1/ports/x86_64-apple-darwin13.4.0/libxml2/2.9.2/lib/libxml2.a -llzma -lpthread -ldl -lobjc  "
conftest.c: In function ‘t’:
conftest.c:13: warning: implicit declaration of function ‘xmlHasFeature’
checked program was:
/* begin */
 1: #include "ruby.h"
 2: 
 3: /*top*/
 4: extern int t(void);
 5: int main(int argc, char **argv)
 6: {
 7:   if (argc > 1000000) {
 8:     printf("%p", &t);
 9:   }
10: 
11:   return 0;
12: }
13: int t(void) { xmlHasFeature(); return 0; }
/* end */

--------------------

have_func: checking for xmlFirstElementChild()... -------------------- yes

"gcc-4.2 -o conftest -I/Users/yannis/.rbenv/versions/2.1.4/include/ruby-2.1.0/x86_64-darwin13.0 -I/Users/yannis/.rbenv/versions/2.1.4/include/ruby-2.1.0/ruby/backward -I/Users/yannis/.rbenv/versions/2.1.4/include/ruby-2.1.0 -I. -I/Users/yannis/railsapps/kendocup/vendor/bundle/ruby/2.1.0/gems/nokogiri-1.6.4.1/ports/x86_64-apple-darwin13.4.0/libxslt/1.1.28/include -I/Users/yannis/railsapps/kendocup/vendor/bundle/ruby/2.1.0/gems/nokogiri-1.6.4.1/ports/x86_64-apple-darwin13.4.0/libxml2/2.9.2/include/libxml2 -I/Users/yannis/railsapps/kendocup/vendor/bundle/ruby/2.1.0/gems/nokogiri-1.6.4.1/ports/x86_64-apple-darwin13.4.0/libxml2/2.9.2/include/libxml2 -I/Users/yannis/.rbenv/versions/2.1.4/include  -D_XOPEN_SOURCE -D_DARWIN_C_SOURCE -D_DARWIN_UNLIMITED_SELECT -D_REENTRANT   -DNOKOGIRI_LIBXML2_PATH\=\"/Users/yannis/railsapps/kendocup/vendor/bundle/ruby/2.1.0/gems/nokogiri-1.6.4.1/ports/x86_64-apple-darwin13.4.0/libxml2/2.9.2\" -DNOKOGIRI_LIBXML2_PATCHES\=\"0001-Revert-Missing-initialization-for-the-catalog-module.patch\ 0002-Fix-missing-entities-after-CVE-2014-3660-fix.patch\" -DNOKOGIRI_LIBXSLT_PATH\=\"/Users/yannis/railsapps/kendocup/vendor/bundle/ruby/2.1.0/gems/nokogiri-1.6.4.1/ports/x86_64-apple-darwin13.4.0/libxslt/1.1.28\" -DNOKOGIRI_LIBXSLT_PATCHES\=\"0001-Adding-doc-update-related-to-1.1.28.patch\ 0002-Fix-a-couple-of-places-where-f-printf-parameters-wer.patch\ 0003-Initialize-pseudo-random-number-generator-with-curre.patch\ 0004-EXSLT-function-str-replace-is-broken-as-is.patch\ 0006-Fix-str-padding-to-work-with-UTF-8-strings.patch\ 0007-Separate-function-for-predicate-matching-in-patterns.patch\ 0008-Fix-direct-pattern-matching.patch\ 0009-Fix-certain-patterns-with-predicates.patch\ 0010-Fix-handling-of-UTF-8-strings-in-EXSLT-crypto-module.patch\ 0013-Memory-leak-in-xsltCompileIdKeyPattern-error-path.patch\ 0014-Fix-for-bug-436589.patch\ 0015-Fix-mkdir-for-mingw.patch\"  -O3 -Wno-error=shorten-64-to-32  -pipe  -Wall -Wcast-qual -Wwrite-strings -Wconversion -Wmissing-noreturn -Winline -DNOKOGIRI_USE_PACKAGED_LIBRARIES conftest.c  -L. -L/Users/yannis/.rbenv/versions/2.1.4/lib -L/Users/yannis/railsapps/kendocup/vendor/bundle/ruby/2.1.0/gems/nokogiri-1.6.4.1/ports/x86_64-apple-darwin13.4.0/libxml2/2.9.2/lib -L/Users/yannis/railsapps/kendocup/vendor/bundle/ruby/2.1.0/gems/nokogiri-1.6.4.1/ports/x86_64-apple-darwin13.4.0/libxslt/1.1.28/lib -L. -L/Users/yannis/.rbenv/versions/2.1.4/lib  -fstack-protector    /Users/yannis/railsapps/kendocup/vendor/bundle/ruby/2.1.0/gems/nokogiri-1.6.4.1/ports/x86_64-apple-darwin13.4.0/libxslt/1.1.28/lib/libexslt.a -lm -liconv -lpthread -lz /Users/yannis/railsapps/kendocup/vendor/bundle/ruby/2.1.0/gems/nokogiri-1.6.4.1/ports/x86_64-apple-darwin13.4.0/libxml2/2.9.2/lib/libxml2.a /Users/yannis/railsapps/kendocup/vendor/bundle/ruby/2.1.0/gems/nokogiri-1.6.4.1/ports/x86_64-apple-darwin13.4.0/libxslt/1.1.28/lib/libxslt.a -lm -liconv -lpthread -lz /Users/yannis/railsapps/kendocup/vendor/bundle/ruby/2.1.0/gems/nokogiri-1.6.4.1/ports/x86_64-apple-darwin13.4.0/libxml2/2.9.2/lib/libxml2.a -llzma -lruby-static -framework CoreFoundation /Users/yannis/railsapps/kendocup/vendor/bundle/ruby/2.1.0/gems/nokogiri-1.6.4.1/ports/x86_64-apple-darwin13.4.0/libxslt/1.1.28/lib/libexslt.a -lm -liconv -lpthread -lz /Users/yannis/railsapps/kendocup/vendor/bundle/ruby/2.1.0/gems/nokogiri-1.6.4.1/ports/x86_64-apple-darwin13.4.0/libxml2/2.9.2/lib/libxml2.a /Users/yannis/railsapps/kendocup/vendor/bundle/ruby/2.1.0/gems/nokogiri-1.6.4.1/ports/x86_64-apple-darwin13.4.0/libxslt/1.1.28/lib/libxslt.a -lm -liconv -lpthread -lz /Users/yannis/railsapps/kendocup/vendor/bundle/ruby/2.1.0/gems/nokogiri-1.6.4.1/ports/x86_64-apple-darwin13.4.0/libxml2/2.9.2/lib/libxml2.a -llzma -lpthread -ldl -lobjc  "
conftest.c: In function ‘t’:
conftest.c:13: error: ‘xmlFirstElementChild’ undeclared (first use in this function)
conftest.c:13: error: (Each undeclared identifier is reported only once
conftest.c:13: error: for each function it appears in.)
checked program was:
/* begin */
 1: #include "ruby.h"
 2: 
 3: /*top*/
 4: extern int t(void);
 5: int main(int argc, char **argv)
 6: {
 7:   if (argc > 1000000) {
 8:     printf("%p", &t);
 9:   }
10: 
11:   return 0;
12: }
13: int t(void) { void ((*volatile p)()); p = (void ((*)()))xmlFirstElementChild; return 0; }
/* end */

"gcc-4.2 -o conftest -I/Users/yannis/.rbenv/versions/2.1.4/include/ruby-2.1.0/x86_64-darwin13.0 -I/Users/yannis/.rbenv/versions/2.1.4/include/ruby-2.1.0/ruby/backward -I/Users/yannis/.rbenv/versions/2.1.4/include/ruby-2.1.0 -I. -I/Users/yannis/railsapps/kendocup/vendor/bundle/ruby/2.1.0/gems/nokogiri-1.6.4.1/ports/x86_64-apple-darwin13.4.0/libxslt/1.1.28/include -I/Users/yannis/railsapps/kendocup/vendor/bundle/ruby/2.1.0/gems/nokogiri-1.6.4.1/ports/x86_64-apple-darwin13.4.0/libxml2/2.9.2/include/libxml2 -I/Users/yannis/railsapps/kendocup/vendor/bundle/ruby/2.1.0/gems/nokogiri-1.6.4.1/ports/x86_64-apple-darwin13.4.0/libxml2/2.9.2/include/libxml2 -I/Users/yannis/.rbenv/versions/2.1.4/include  -D_XOPEN_SOURCE -D_DARWIN_C_SOURCE -D_DARWIN_UNLIMITED_SELECT -D_REENTRANT   -DNOKOGIRI_LIBXML2_PATH\=\"/Users/yannis/railsapps/kendocup/vendor/bundle/ruby/2.1.0/gems/nokogiri-1.6.4.1/ports/x86_64-apple-darwin13.4.0/libxml2/2.9.2\" -DNOKOGIRI_LIBXML2_PATCHES\=\"0001-Revert-Missing-initialization-for-the-catalog-module.patch\ 0002-Fix-missing-entities-after-CVE-2014-3660-fix.patch\" -DNOKOGIRI_LIBXSLT_PATH\=\"/Users/yannis/railsapps/kendocup/vendor/bundle/ruby/2.1.0/gems/nokogiri-1.6.4.1/ports/x86_64-apple-darwin13.4.0/libxslt/1.1.28\" -DNOKOGIRI_LIBXSLT_PATCHES\=\"0001-Adding-doc-update-related-to-1.1.28.patch\ 0002-Fix-a-couple-of-places-where-f-printf-parameters-wer.patch\ 0003-Initialize-pseudo-random-number-generator-with-curre.patch\ 0004-EXSLT-function-str-replace-is-broken-as-is.patch\ 0006-Fix-str-padding-to-work-with-UTF-8-strings.patch\ 0007-Separate-function-for-predicate-matching-in-patterns.patch\ 0008-Fix-direct-pattern-matching.patch\ 0009-Fix-certain-patterns-with-predicates.patch\ 0010-Fix-handling-of-UTF-8-strings-in-EXSLT-crypto-module.patch\ 0013-Memory-leak-in-xsltCompileIdKeyPattern-error-path.patch\ 0014-Fix-for-bug-436589.patch\ 0015-Fix-mkdir-for-mingw.patch\"  -O3 -Wno-error=shorten-64-to-32  -pipe  -Wall -Wcast-qual -Wwrite-strings -Wconversion -Wmissing-noreturn -Winline -DNOKOGIRI_USE_PACKAGED_LIBRARIES conftest.c  -L. -L/Users/yannis/.rbenv/versions/2.1.4/lib -L/Users/yannis/railsapps/kendocup/vendor/bundle/ruby/2.1.0/gems/nokogiri-1.6.4.1/ports/x86_64-apple-darwin13.4.0/libxml2/2.9.2/lib -L/Users/yannis/railsapps/kendocup/vendor/bundle/ruby/2.1.0/gems/nokogiri-1.6.4.1/ports/x86_64-apple-darwin13.4.0/libxslt/1.1.28/lib -L. -L/Users/yannis/.rbenv/versions/2.1.4/lib  -fstack-protector    /Users/yannis/railsapps/kendocup/vendor/bundle/ruby/2.1.0/gems/nokogiri-1.6.4.1/ports/x86_64-apple-darwin13.4.0/libxslt/1.1.28/lib/libexslt.a -lm -liconv -lpthread -lz /Users/yannis/railsapps/kendocup/vendor/bundle/ruby/2.1.0/gems/nokogiri-1.6.4.1/ports/x86_64-apple-darwin13.4.0/libxml2/2.9.2/lib/libxml2.a /Users/yannis/railsapps/kendocup/vendor/bundle/ruby/2.1.0/gems/nokogiri-1.6.4.1/ports/x86_64-apple-darwin13.4.0/libxslt/1.1.28/lib/libxslt.a -lm -liconv -lpthread -lz /Users/yannis/railsapps/kendocup/vendor/bundle/ruby/2.1.0/gems/nokogiri-1.6.4.1/ports/x86_64-apple-darwin13.4.0/libxml2/2.9.2/lib/libxml2.a -llzma -lruby-static -framework CoreFoundation /Users/yannis/railsapps/kendocup/vendor/bundle/ruby/2.1.0/gems/nokogiri-1.6.4.1/ports/x86_64-apple-darwin13.4.0/libxslt/1.1.28/lib/libexslt.a -lm -liconv -lpthread -lz /Users/yannis/railsapps/kendocup/vendor/bundle/ruby/2.1.0/gems/nokogiri-1.6.4.1/ports/x86_64-apple-darwin13.4.0/libxml2/2.9.2/lib/libxml2.a /Users/yannis/railsapps/kendocup/vendor/bundle/ruby/2.1.0/gems/nokogiri-1.6.4.1/ports/x86_64-apple-darwin13.4.0/libxslt/1.1.28/lib/libxslt.a -lm -liconv -lpthread -lz /Users/yannis/railsapps/kendocup/vendor/bundle/ruby/2.1.0/gems/nokogiri-1.6.4.1/ports/x86_64-apple-darwin13.4.0/libxml2/2.9.2/lib/libxml2.a -llzma -lpthread -ldl -lobjc  "
conftest.c: In function ‘t’:
conftest.c:13: warning: implicit declaration of function ‘xmlFirstElementChild’
checked program was:
/* begin */
 1: #include "ruby.h"
 2: 
 3: /*top*/
 4: extern int t(void);
 5: int main(int argc, char **argv)
 6: {
 7:   if (argc > 1000000) {
 8:     printf("%p", &t);
 9:   }
10: 
11:   return 0;
12: }
13: int t(void) { xmlFirstElementChild(); return 0; }
/* end */

--------------------

have_func: checking for xmlRelaxNGSetParserStructuredErrors()... -------------------- yes

"gcc-4.2 -o conftest -I/Users/yannis/.rbenv/versions/2.1.4/include/ruby-2.1.0/x86_64-darwin13.0 -I/Users/yannis/.rbenv/versions/2.1.4/include/ruby-2.1.0/ruby/backward -I/Users/yannis/.rbenv/versions/2.1.4/include/ruby-2.1.0 -I. -I/Users/yannis/railsapps/kendocup/vendor/bundle/ruby/2.1.0/gems/nokogiri-1.6.4.1/ports/x86_64-apple-darwin13.4.0/libxslt/1.1.28/include -I/Users/yannis/railsapps/kendocup/vendor/bundle/ruby/2.1.0/gems/nokogiri-1.6.4.1/ports/x86_64-apple-darwin13.4.0/libxml2/2.9.2/include/libxml2 -I/Users/yannis/railsapps/kendocup/vendor/bundle/ruby/2.1.0/gems/nokogiri-1.6.4.1/ports/x86_64-apple-darwin13.4.0/libxml2/2.9.2/include/libxml2 -I/Users/yannis/.rbenv/versions/2.1.4/include  -D_XOPEN_SOURCE -D_DARWIN_C_SOURCE -D_DARWIN_UNLIMITED_SELECT -D_REENTRANT   -DNOKOGIRI_LIBXML2_PATH\=\"/Users/yannis/railsapps/kendocup/vendor/bundle/ruby/2.1.0/gems/nokogiri-1.6.4.1/ports/x86_64-apple-darwin13.4.0/libxml2/2.9.2\" -DNOKOGIRI_LIBXML2_PATCHES\=\"0001-Revert-Missing-initialization-for-the-catalog-module.patch\ 0002-Fix-missing-entities-after-CVE-2014-3660-fix.patch\" -DNOKOGIRI_LIBXSLT_PATH\=\"/Users/yannis/railsapps/kendocup/vendor/bundle/ruby/2.1.0/gems/nokogiri-1.6.4.1/ports/x86_64-apple-darwin13.4.0/libxslt/1.1.28\" -DNOKOGIRI_LIBXSLT_PATCHES\=\"0001-Adding-doc-update-related-to-1.1.28.patch\ 0002-Fix-a-couple-of-places-where-f-printf-parameters-wer.patch\ 0003-Initialize-pseudo-random-number-generator-with-curre.patch\ 0004-EXSLT-function-str-replace-is-broken-as-is.patch\ 0006-Fix-str-padding-to-work-with-UTF-8-strings.patch\ 0007-Separate-function-for-predicate-matching-in-patterns.patch\ 0008-Fix-direct-pattern-matching.patch\ 0009-Fix-certain-patterns-with-predicates.patch\ 0010-Fix-handling-of-UTF-8-strings-in-EXSLT-crypto-module.patch\ 0013-Memory-leak-in-xsltCompileIdKeyPattern-error-path.patch\ 0014-Fix-for-bug-436589.patch\ 0015-Fix-mkdir-for-mingw.patch\"  -O3 -Wno-error=shorten-64-to-32  -pipe  -Wall -Wcast-qual -Wwrite-strings -Wconversion -Wmissing-noreturn -Winline -DNOKOGIRI_USE_PACKAGED_LIBRARIES conftest.c  -L. -L/Users/yannis/.rbenv/versions/2.1.4/lib -L/Users/yannis/railsapps/kendocup/vendor/bundle/ruby/2.1.0/gems/nokogiri-1.6.4.1/ports/x86_64-apple-darwin13.4.0/libxml2/2.9.2/lib -L/Users/yannis/railsapps/kendocup/vendor/bundle/ruby/2.1.0/gems/nokogiri-1.6.4.1/ports/x86_64-apple-darwin13.4.0/libxslt/1.1.28/lib -L. -L/Users/yannis/.rbenv/versions/2.1.4/lib  -fstack-protector    /Users/yannis/railsapps/kendocup/vendor/bundle/ruby/2.1.0/gems/nokogiri-1.6.4.1/ports/x86_64-apple-darwin13.4.0/libxslt/1.1.28/lib/libexslt.a -lm -liconv -lpthread -lz /Users/yannis/railsapps/kendocup/vendor/bundle/ruby/2.1.0/gems/nokogiri-1.6.4.1/ports/x86_64-apple-darwin13.4.0/libxml2/2.9.2/lib/libxml2.a /Users/yannis/railsapps/kendocup/vendor/bundle/ruby/2.1.0/gems/nokogiri-1.6.4.1/ports/x86_64-apple-darwin13.4.0/libxslt/1.1.28/lib/libxslt.a -lm -liconv -lpthread -lz /Users/yannis/railsapps/kendocup/vendor/bundle/ruby/2.1.0/gems/nokogiri-1.6.4.1/ports/x86_64-apple-darwin13.4.0/libxml2/2.9.2/lib/libxml2.a -llzma -lruby-static -framework CoreFoundation /Users/yannis/railsapps/kendocup/vendor/bundle/ruby/2.1.0/gems/nokogiri-1.6.4.1/ports/x86_64-apple-darwin13.4.0/libxslt/1.1.28/lib/libexslt.a -lm -liconv -lpthread -lz /Users/yannis/railsapps/kendocup/vendor/bundle/ruby/2.1.0/gems/nokogiri-1.6.4.1/ports/x86_64-apple-darwin13.4.0/libxml2/2.9.2/lib/libxml2.a /Users/yannis/railsapps/kendocup/vendor/bundle/ruby/2.1.0/gems/nokogiri-1.6.4.1/ports/x86_64-apple-darwin13.4.0/libxslt/1.1.28/lib/libxslt.a -lm -liconv -lpthread -lz /Users/yannis/railsapps/kendocup/vendor/bundle/ruby/2.1.0/gems/nokogiri-1.6.4.1/ports/x86_64-apple-darwin13.4.0/libxml2/2.9.2/lib/libxml2.a -llzma -lpthread -ldl -lobjc  "
conftest.c: In function ‘t’:
conftest.c:13: error: ‘xmlRelaxNGSetParserStructuredErrors’ undeclared (first use in this function)
conftest.c:13: error: (Each undeclared identifier is reported only once
conftest.c:13: error: for each function it appears in.)
checked program was:
/* begin */
 1: #include "ruby.h"
 2: 
 3: /*top*/
 4: extern int t(void);
 5: int main(int argc, char **argv)
 6: {
 7:   if (argc > 1000000) {
 8:     printf("%p", &t);
 9:   }
10: 
11:   return 0;
12: }
13: int t(void) { void ((*volatile p)()); p = (void ((*)()))xmlRelaxNGSetParserStructuredErrors; return 0; }
/* end */

"gcc-4.2 -o conftest -I/Users/yannis/.rbenv/versions/2.1.4/include/ruby-2.1.0/x86_64-darwin13.0 -I/Users/yannis/.rbenv/versions/2.1.4/include/ruby-2.1.0/ruby/backward -I/Users/yannis/.rbenv/versions/2.1.4/include/ruby-2.1.0 -I. -I/Users/yannis/railsapps/kendocup/vendor/bundle/ruby/2.1.0/gems/nokogiri-1.6.4.1/ports/x86_64-apple-darwin13.4.0/libxslt/1.1.28/include -I/Users/yannis/railsapps/kendocup/vendor/bundle/ruby/2.1.0/gems/nokogiri-1.6.4.1/ports/x86_64-apple-darwin13.4.0/libxml2/2.9.2/include/libxml2 -I/Users/yannis/railsapps/kendocup/vendor/bundle/ruby/2.1.0/gems/nokogiri-1.6.4.1/ports/x86_64-apple-darwin13.4.0/libxml2/2.9.2/include/libxml2 -I/Users/yannis/.rbenv/versions/2.1.4/include  -D_XOPEN_SOURCE -D_DARWIN_C_SOURCE -D_DARWIN_UNLIMITED_SELECT -D_REENTRANT   -DNOKOGIRI_LIBXML2_PATH\=\"/Users/yannis/railsapps/kendocup/vendor/bundle/ruby/2.1.0/gems/nokogiri-1.6.4.1/ports/x86_64-apple-darwin13.4.0/libxml2/2.9.2\" -DNOKOGIRI_LIBXML2_PATCHES\=\"0001-Revert-Missing-initialization-for-the-catalog-module.patch\ 0002-Fix-missing-entities-after-CVE-2014-3660-fix.patch\" -DNOKOGIRI_LIBXSLT_PATH\=\"/Users/yannis/railsapps/kendocup/vendor/bundle/ruby/2.1.0/gems/nokogiri-1.6.4.1/ports/x86_64-apple-darwin13.4.0/libxslt/1.1.28\" -DNOKOGIRI_LIBXSLT_PATCHES\=\"0001-Adding-doc-update-related-to-1.1.28.patch\ 0002-Fix-a-couple-of-places-where-f-printf-parameters-wer.patch\ 0003-Initialize-pseudo-random-number-generator-with-curre.patch\ 0004-EXSLT-function-str-replace-is-broken-as-is.patch\ 0006-Fix-str-padding-to-work-with-UTF-8-strings.patch\ 0007-Separate-function-for-predicate-matching-in-patterns.patch\ 0008-Fix-direct-pattern-matching.patch\ 0009-Fix-certain-patterns-with-predicates.patch\ 0010-Fix-handling-of-UTF-8-strings-in-EXSLT-crypto-module.patch\ 0013-Memory-leak-in-xsltCompileIdKeyPattern-error-path.patch\ 0014-Fix-for-bug-436589.patch\ 0015-Fix-mkdir-for-mingw.patch\"  -O3 -Wno-error=shorten-64-to-32  -pipe  -Wall -Wcast-qual -Wwrite-strings -Wconversion -Wmissing-noreturn -Winline -DNOKOGIRI_USE_PACKAGED_LIBRARIES conftest.c  -L. -L/Users/yannis/.rbenv/versions/2.1.4/lib -L/Users/yannis/railsapps/kendocup/vendor/bundle/ruby/2.1.0/gems/nokogiri-1.6.4.1/ports/x86_64-apple-darwin13.4.0/libxml2/2.9.2/lib -L/Users/yannis/railsapps/kendocup/vendor/bundle/ruby/2.1.0/gems/nokogiri-1.6.4.1/ports/x86_64-apple-darwin13.4.0/libxslt/1.1.28/lib -L. -L/Users/yannis/.rbenv/versions/2.1.4/lib  -fstack-protector    /Users/yannis/railsapps/kendocup/vendor/bundle/ruby/2.1.0/gems/nokogiri-1.6.4.1/ports/x86_64-apple-darwin13.4.0/libxslt/1.1.28/lib/libexslt.a -lm -liconv -lpthread -lz /Users/yannis/railsapps/kendocup/vendor/bundle/ruby/2.1.0/gems/nokogiri-1.6.4.1/ports/x86_64-apple-darwin13.4.0/libxml2/2.9.2/lib/libxml2.a /Users/yannis/railsapps/kendocup/vendor/bundle/ruby/2.1.0/gems/nokogiri-1.6.4.1/ports/x86_64-apple-darwin13.4.0/libxslt/1.1.28/lib/libxslt.a -lm -liconv -lpthread -lz /Users/yannis/railsapps/kendocup/vendor/bundle/ruby/2.1.0/gems/nokogiri-1.6.4.1/ports/x86_64-apple-darwin13.4.0/libxml2/2.9.2/lib/libxml2.a -llzma -lruby-static -framework CoreFoundation /Users/yannis/railsapps/kendocup/vendor/bundle/ruby/2.1.0/gems/nokogiri-1.6.4.1/ports/x86_64-apple-darwin13.4.0/libxslt/1.1.28/lib/libexslt.a -lm -liconv -lpthread -lz /Users/yannis/railsapps/kendocup/vendor/bundle/ruby/2.1.0/gems/nokogiri-1.6.4.1/ports/x86_64-apple-darwin13.4.0/libxml2/2.9.2/lib/libxml2.a /Users/yannis/railsapps/kendocup/vendor/bundle/ruby/2.1.0/gems/nokogiri-1.6.4.1/ports/x86_64-apple-darwin13.4.0/libxslt/1.1.28/lib/libxslt.a -lm -liconv -lpthread -lz /Users/yannis/railsapps/kendocup/vendor/bundle/ruby/2.1.0/gems/nokogiri-1.6.4.1/ports/x86_64-apple-darwin13.4.0/libxml2/2.9.2/lib/libxml2.a -llzma -lpthread -ldl -lobjc  "
conftest.c: In function ‘t’:
conftest.c:13: warning: implicit declaration of function ‘xmlRelaxNGSetParserStructuredErrors’
checked program was:
/* begin */
 1: #include "ruby.h"
 2: 
 3: /*top*/
 4: extern int t(void);
 5: int main(int argc, char **argv)
 6: {
 7:   if (argc > 1000000) {
 8:     printf("%p", &t);
 9:   }
10: 
11:   return 0;
12: }
13: int t(void) { xmlRelaxNGSetParserStructuredErrors(); return 0; }
/* end */

--------------------

have_func: checking for xmlRelaxNGSetParserStructuredErrors()... -------------------- yes

"gcc-4.2 -o conftest -I/Users/yannis/.rbenv/versions/2.1.4/include/ruby-2.1.0/x86_64-darwin13.0 -I/Users/yannis/.rbenv/versions/2.1.4/include/ruby-2.1.0/ruby/backward -I/Users/yannis/.rbenv/versions/2.1.4/include/ruby-2.1.0 -I. -I/Users/yannis/railsapps/kendocup/vendor/bundle/ruby/2.1.0/gems/nokogiri-1.6.4.1/ports/x86_64-apple-darwin13.4.0/libxslt/1.1.28/include -I/Users/yannis/railsapps/kendocup/vendor/bundle/ruby/2.1.0/gems/nokogiri-1.6.4.1/ports/x86_64-apple-darwin13.4.0/libxml2/2.9.2/include/libxml2 -I/Users/yannis/railsapps/kendocup/vendor/bundle/ruby/2.1.0/gems/nokogiri-1.6.4.1/ports/x86_64-apple-darwin13.4.0/libxml2/2.9.2/include/libxml2 -I/Users/yannis/.rbenv/versions/2.1.4/include  -D_XOPEN_SOURCE -D_DARWIN_C_SOURCE -D_DARWIN_UNLIMITED_SELECT -D_REENTRANT   -DNOKOGIRI_LIBXML2_PATH\=\"/Users/yannis/railsapps/kendocup/vendor/bundle/ruby/2.1.0/gems/nokogiri-1.6.4.1/ports/x86_64-apple-darwin13.4.0/libxml2/2.9.2\" -DNOKOGIRI_LIBXML2_PATCHES\=\"0001-Revert-Missing-initialization-for-the-catalog-module.patch\ 0002-Fix-missing-entities-after-CVE-2014-3660-fix.patch\" -DNOKOGIRI_LIBXSLT_PATH\=\"/Users/yannis/railsapps/kendocup/vendor/bundle/ruby/2.1.0/gems/nokogiri-1.6.4.1/ports/x86_64-apple-darwin13.4.0/libxslt/1.1.28\" -DNOKOGIRI_LIBXSLT_PATCHES\=\"0001-Adding-doc-update-related-to-1.1.28.patch\ 0002-Fix-a-couple-of-places-where-f-printf-parameters-wer.patch\ 0003-Initialize-pseudo-random-number-generator-with-curre.patch\ 0004-EXSLT-function-str-replace-is-broken-as-is.patch\ 0006-Fix-str-padding-to-work-with-UTF-8-strings.patch\ 0007-Separate-function-for-predicate-matching-in-patterns.patch\ 0008-Fix-direct-pattern-matching.patch\ 0009-Fix-certain-patterns-with-predicates.patch\ 0010-Fix-handling-of-UTF-8-strings-in-EXSLT-crypto-module.patch\ 0013-Memory-leak-in-xsltCompileIdKeyPattern-error-path.patch\ 0014-Fix-for-bug-436589.patch\ 0015-Fix-mkdir-for-mingw.patch\"  -O3 -Wno-error=shorten-64-to-32  -pipe  -Wall -Wcast-qual -Wwrite-strings -Wconversion -Wmissing-noreturn -Winline -DNOKOGIRI_USE_PACKAGED_LIBRARIES conftest.c  -L. -L/Users/yannis/.rbenv/versions/2.1.4/lib -L/Users/yannis/railsapps/kendocup/vendor/bundle/ruby/2.1.0/gems/nokogiri-1.6.4.1/ports/x86_64-apple-darwin13.4.0/libxml2/2.9.2/lib -L/Users/yannis/railsapps/kendocup/vendor/bundle/ruby/2.1.0/gems/nokogiri-1.6.4.1/ports/x86_64-apple-darwin13.4.0/libxslt/1.1.28/lib -L. -L/Users/yannis/.rbenv/versions/2.1.4/lib  -fstack-protector    /Users/yannis/railsapps/kendocup/vendor/bundle/ruby/2.1.0/gems/nokogiri-1.6.4.1/ports/x86_64-apple-darwin13.4.0/libxslt/1.1.28/lib/libexslt.a -lm -liconv -lpthread -lz /Users/yannis/railsapps/kendocup/vendor/bundle/ruby/2.1.0/gems/nokogiri-1.6.4.1/ports/x86_64-apple-darwin13.4.0/libxml2/2.9.2/lib/libxml2.a /Users/yannis/railsapps/kendocup/vendor/bundle/ruby/2.1.0/gems/nokogiri-1.6.4.1/ports/x86_64-apple-darwin13.4.0/libxslt/1.1.28/lib/libxslt.a -lm -liconv -lpthread -lz /Users/yannis/railsapps/kendocup/vendor/bundle/ruby/2.1.0/gems/nokogiri-1.6.4.1/ports/x86_64-apple-darwin13.4.0/libxml2/2.9.2/lib/libxml2.a -llzma -lruby-static -framework CoreFoundation /Users/yannis/railsapps/kendocup/vendor/bundle/ruby/2.1.0/gems/nokogiri-1.6.4.1/ports/x86_64-apple-darwin13.4.0/libxslt/1.1.28/lib/libexslt.a -lm -liconv -lpthread -lz /Users/yannis/railsapps/kendocup/vendor/bundle/ruby/2.1.0/gems/nokogiri-1.6.4.1/ports/x86_64-apple-darwin13.4.0/libxml2/2.9.2/lib/libxml2.a /Users/yannis/railsapps/kendocup/vendor/bundle/ruby/2.1.0/gems/nokogiri-1.6.4.1/ports/x86_64-apple-darwin13.4.0/libxslt/1.1.28/lib/libxslt.a -lm -liconv -lpthread -lz /Users/yannis/railsapps/kendocup/vendor/bundle/ruby/2.1.0/gems/nokogiri-1.6.4.1/ports/x86_64-apple-darwin13.4.0/libxml2/2.9.2/lib/libxml2.a -llzma -lpthread -ldl -lobjc  "
conftest.c: In function ‘t’:
conftest.c:13: error: ‘xmlRelaxNGSetParserStructuredErrors’ undeclared (first use in this function)
conftest.c:13: error: (Each undeclared identifier is reported only once
conftest.c:13: error: for each function it appears in.)
checked program was:
/* begin */
 1: #include "ruby.h"
 2: 
 3: /*top*/
 4: extern int t(void);
 5: int main(int argc, char **argv)
 6: {
 7:   if (argc > 1000000) {
 8:     printf("%p", &t);
 9:   }
10: 
11:   return 0;
12: }
13: int t(void) { void ((*volatile p)()); p = (void ((*)()))xmlRelaxNGSetParserStructuredErrors; return 0; }
/* end */

"gcc-4.2 -o conftest -I/Users/yannis/.rbenv/versions/2.1.4/include/ruby-2.1.0/x86_64-darwin13.0 -I/Users/yannis/.rbenv/versions/2.1.4/include/ruby-2.1.0/ruby/backward -I/Users/yannis/.rbenv/versions/2.1.4/include/ruby-2.1.0 -I. -I/Users/yannis/railsapps/kendocup/vendor/bundle/ruby/2.1.0/gems/nokogiri-1.6.4.1/ports/x86_64-apple-darwin13.4.0/libxslt/1.1.28/include -I/Users/yannis/railsapps/kendocup/vendor/bundle/ruby/2.1.0/gems/nokogiri-1.6.4.1/ports/x86_64-apple-darwin13.4.0/libxml2/2.9.2/include/libxml2 -I/Users/yannis/railsapps/kendocup/vendor/bundle/ruby/2.1.0/gems/nokogiri-1.6.4.1/ports/x86_64-apple-darwin13.4.0/libxml2/2.9.2/include/libxml2 -I/Users/yannis/.rbenv/versions/2.1.4/include  -D_XOPEN_SOURCE -D_DARWIN_C_SOURCE -D_DARWIN_UNLIMITED_SELECT -D_REENTRANT   -DNOKOGIRI_LIBXML2_PATH\=\"/Users/yannis/railsapps/kendocup/vendor/bundle/ruby/2.1.0/gems/nokogiri-1.6.4.1/ports/x86_64-apple-darwin13.4.0/libxml2/2.9.2\" -DNOKOGIRI_LIBXML2_PATCHES\=\"0001-Revert-Missing-initialization-for-the-catalog-module.patch\ 0002-Fix-missing-entities-after-CVE-2014-3660-fix.patch\" -DNOKOGIRI_LIBXSLT_PATH\=\"/Users/yannis/railsapps/kendocup/vendor/bundle/ruby/2.1.0/gems/nokogiri-1.6.4.1/ports/x86_64-apple-darwin13.4.0/libxslt/1.1.28\" -DNOKOGIRI_LIBXSLT_PATCHES\=\"0001-Adding-doc-update-related-to-1.1.28.patch\ 0002-Fix-a-couple-of-places-where-f-printf-parameters-wer.patch\ 0003-Initialize-pseudo-random-number-generator-with-curre.patch\ 0004-EXSLT-function-str-replace-is-broken-as-is.patch\ 0006-Fix-str-padding-to-work-with-UTF-8-strings.patch\ 0007-Separate-function-for-predicate-matching-in-patterns.patch\ 0008-Fix-direct-pattern-matching.patch\ 0009-Fix-certain-patterns-with-predicates.patch\ 0010-Fix-handling-of-UTF-8-strings-in-EXSLT-crypto-module.patch\ 0013-Memory-leak-in-xsltCompileIdKeyPattern-error-path.patch\ 0014-Fix-for-bug-436589.patch\ 0015-Fix-mkdir-for-mingw.patch\"  -O3 -Wno-error=shorten-64-to-32  -pipe  -Wall -Wcast-qual -Wwrite-strings -Wconversion -Wmissing-noreturn -Winline -DNOKOGIRI_USE_PACKAGED_LIBRARIES conftest.c  -L. -L/Users/yannis/.rbenv/versions/2.1.4/lib -L/Users/yannis/railsapps/kendocup/vendor/bundle/ruby/2.1.0/gems/nokogiri-1.6.4.1/ports/x86_64-apple-darwin13.4.0/libxml2/2.9.2/lib -L/Users/yannis/railsapps/kendocup/vendor/bundle/ruby/2.1.0/gems/nokogiri-1.6.4.1/ports/x86_64-apple-darwin13.4.0/libxslt/1.1.28/lib -L. -L/Users/yannis/.rbenv/versions/2.1.4/lib  -fstack-protector    /Users/yannis/railsapps/kendocup/vendor/bundle/ruby/2.1.0/gems/nokogiri-1.6.4.1/ports/x86_64-apple-darwin13.4.0/libxslt/1.1.28/lib/libexslt.a -lm -liconv -lpthread -lz /Users/yannis/railsapps/kendocup/vendor/bundle/ruby/2.1.0/gems/nokogiri-1.6.4.1/ports/x86_64-apple-darwin13.4.0/libxml2/2.9.2/lib/libxml2.a /Users/yannis/railsapps/kendocup/vendor/bundle/ruby/2.1.0/gems/nokogiri-1.6.4.1/ports/x86_64-apple-darwin13.4.0/libxslt/1.1.28/lib/libxslt.a -lm -liconv -lpthread -lz /Users/yannis/railsapps/kendocup/vendor/bundle/ruby/2.1.0/gems/nokogiri-1.6.4.1/ports/x86_64-apple-darwin13.4.0/libxml2/2.9.2/lib/libxml2.a -llzma -lruby-static -framework CoreFoundation /Users/yannis/railsapps/kendocup/vendor/bundle/ruby/2.1.0/gems/nokogiri-1.6.4.1/ports/x86_64-apple-darwin13.4.0/libxslt/1.1.28/lib/libexslt.a -lm -liconv -lpthread -lz /Users/yannis/railsapps/kendocup/vendor/bundle/ruby/2.1.0/gems/nokogiri-1.6.4.1/ports/x86_64-apple-darwin13.4.0/libxml2/2.9.2/lib/libxml2.a /Users/yannis/railsapps/kendocup/vendor/bundle/ruby/2.1.0/gems/nokogiri-1.6.4.1/ports/x86_64-apple-darwin13.4.0/libxslt/1.1.28/lib/libxslt.a -lm -liconv -lpthread -lz /Users/yannis/railsapps/kendocup/vendor/bundle/ruby/2.1.0/gems/nokogiri-1.6.4.1/ports/x86_64-apple-darwin13.4.0/libxml2/2.9.2/lib/libxml2.a -llzma -lpthread -ldl -lobjc  "
conftest.c: In function ‘t’:
conftest.c:13: warning: implicit declaration of function ‘xmlRelaxNGSetParserStructuredErrors’
checked program was:
/* begin */
 1: #include "ruby.h"
 2: 
 3: /*top*/
 4: extern int t(void);
 5: int main(int argc, char **argv)
 6: {
 7:   if (argc > 1000000) {
 8:     printf("%p", &t);
 9:   }
10: 
11:   return 0;
12: }
13: int t(void) { xmlRelaxNGSetParserStructuredErrors(); return 0; }
/* end */

--------------------

have_func: checking for xmlRelaxNGSetValidStructuredErrors()... -------------------- yes

"gcc-4.2 -o conftest -I/Users/yannis/.rbenv/versions/2.1.4/include/ruby-2.1.0/x86_64-darwin13.0 -I/Users/yannis/.rbenv/versions/2.1.4/include/ruby-2.1.0/ruby/backward -I/Users/yannis/.rbenv/versions/2.1.4/include/ruby-2.1.0 -I. -I/Users/yannis/railsapps/kendocup/vendor/bundle/ruby/2.1.0/gems/nokogiri-1.6.4.1/ports/x86_64-apple-darwin13.4.0/libxslt/1.1.28/include -I/Users/yannis/railsapps/kendocup/vendor/bundle/ruby/2.1.0/gems/nokogiri-1.6.4.1/ports/x86_64-apple-darwin13.4.0/libxml2/2.9.2/include/libxml2 -I/Users/yannis/railsapps/kendocup/vendor/bundle/ruby/2.1.0/gems/nokogiri-1.6.4.1/ports/x86_64-apple-darwin13.4.0/libxml2/2.9.2/include/libxml2 -I/Users/yannis/.rbenv/versions/2.1.4/include  -D_XOPEN_SOURCE -D_DARWIN_C_SOURCE -D_DARWIN_UNLIMITED_SELECT -D_REENTRANT   -DNOKOGIRI_LIBXML2_PATH\=\"/Users/yannis/railsapps/kendocup/vendor/bundle/ruby/2.1.0/gems/nokogiri-1.6.4.1/ports/x86_64-apple-darwin13.4.0/libxml2/2.9.2\" -DNOKOGIRI_LIBXML2_PATCHES\=\"0001-Revert-Missing-initialization-for-the-catalog-module.patch\ 0002-Fix-missing-entities-after-CVE-2014-3660-fix.patch\" -DNOKOGIRI_LIBXSLT_PATH\=\"/Users/yannis/railsapps/kendocup/vendor/bundle/ruby/2.1.0/gems/nokogiri-1.6.4.1/ports/x86_64-apple-darwin13.4.0/libxslt/1.1.28\" -DNOKOGIRI_LIBXSLT_PATCHES\=\"0001-Adding-doc-update-related-to-1.1.28.patch\ 0002-Fix-a-couple-of-places-where-f-printf-parameters-wer.patch\ 0003-Initialize-pseudo-random-number-generator-with-curre.patch\ 0004-EXSLT-function-str-replace-is-broken-as-is.patch\ 0006-Fix-str-padding-to-work-with-UTF-8-strings.patch\ 0007-Separate-function-for-predicate-matching-in-patterns.patch\ 0008-Fix-direct-pattern-matching.patch\ 0009-Fix-certain-patterns-with-predicates.patch\ 0010-Fix-handling-of-UTF-8-strings-in-EXSLT-crypto-module.patch\ 0013-Memory-leak-in-xsltCompileIdKeyPattern-error-path.patch\ 0014-Fix-for-bug-436589.patch\ 0015-Fix-mkdir-for-mingw.patch\"  -O3 -Wno-error=shorten-64-to-32  -pipe  -Wall -Wcast-qual -Wwrite-strings -Wconversion -Wmissing-noreturn -Winline -DNOKOGIRI_USE_PACKAGED_LIBRARIES conftest.c  -L. -L/Users/yannis/.rbenv/versions/2.1.4/lib -L/Users/yannis/railsapps/kendocup/vendor/bundle/ruby/2.1.0/gems/nokogiri-1.6.4.1/ports/x86_64-apple-darwin13.4.0/libxml2/2.9.2/lib -L/Users/yannis/railsapps/kendocup/vendor/bundle/ruby/2.1.0/gems/nokogiri-1.6.4.1/ports/x86_64-apple-darwin13.4.0/libxslt/1.1.28/lib -L. -L/Users/yannis/.rbenv/versions/2.1.4/lib  -fstack-protector    /Users/yannis/railsapps/kendocup/vendor/bundle/ruby/2.1.0/gems/nokogiri-1.6.4.1/ports/x86_64-apple-darwin13.4.0/libxslt/1.1.28/lib/libexslt.a -lm -liconv -lpthread -lz /Users/yannis/railsapps/kendocup/vendor/bundle/ruby/2.1.0/gems/nokogiri-1.6.4.1/ports/x86_64-apple-darwin13.4.0/libxml2/2.9.2/lib/libxml2.a /Users/yannis/railsapps/kendocup/vendor/bundle/ruby/2.1.0/gems/nokogiri-1.6.4.1/ports/x86_64-apple-darwin13.4.0/libxslt/1.1.28/lib/libxslt.a -lm -liconv -lpthread -lz /Users/yannis/railsapps/kendocup/vendor/bundle/ruby/2.1.0/gems/nokogiri-1.6.4.1/ports/x86_64-apple-darwin13.4.0/libxml2/2.9.2/lib/libxml2.a -llzma -lruby-static -framework CoreFoundation /Users/yannis/railsapps/kendocup/vendor/bundle/ruby/2.1.0/gems/nokogiri-1.6.4.1/ports/x86_64-apple-darwin13.4.0/libxslt/1.1.28/lib/libexslt.a -lm -liconv -lpthread -lz /Users/yannis/railsapps/kendocup/vendor/bundle/ruby/2.1.0/gems/nokogiri-1.6.4.1/ports/x86_64-apple-darwin13.4.0/libxml2/2.9.2/lib/libxml2.a /Users/yannis/railsapps/kendocup/vendor/bundle/ruby/2.1.0/gems/nokogiri-1.6.4.1/ports/x86_64-apple-darwin13.4.0/libxslt/1.1.28/lib/libxslt.a -lm -liconv -lpthread -lz /Users/yannis/railsapps/kendocup/vendor/bundle/ruby/2.1.0/gems/nokogiri-1.6.4.1/ports/x86_64-apple-darwin13.4.0/libxml2/2.9.2/lib/libxml2.a -llzma -lpthread -ldl -lobjc  "
conftest.c: In function ‘t’:
conftest.c:13: error: ‘xmlRelaxNGSetValidStructuredErrors’ undeclared (first use in this function)
conftest.c:13: error: (Each undeclared identifier is reported only once
conftest.c:13: error: for each function it appears in.)
checked program was:
/* begin */
 1: #include "ruby.h"
 2: 
 3: /*top*/
 4: extern int t(void);
 5: int main(int argc, char **argv)
 6: {
 7:   if (argc > 1000000) {
 8:     printf("%p", &t);
 9:   }
10: 
11:   return 0;
12: }
13: int t(void) { void ((*volatile p)()); p = (void ((*)()))xmlRelaxNGSetValidStructuredErrors; return 0; }
/* end */

"gcc-4.2 -o conftest -I/Users/yannis/.rbenv/versions/2.1.4/include/ruby-2.1.0/x86_64-darwin13.0 -I/Users/yannis/.rbenv/versions/2.1.4/include/ruby-2.1.0/ruby/backward -I/Users/yannis/.rbenv/versions/2.1.4/include/ruby-2.1.0 -I. -I/Users/yannis/railsapps/kendocup/vendor/bundle/ruby/2.1.0/gems/nokogiri-1.6.4.1/ports/x86_64-apple-darwin13.4.0/libxslt/1.1.28/include -I/Users/yannis/railsapps/kendocup/vendor/bundle/ruby/2.1.0/gems/nokogiri-1.6.4.1/ports/x86_64-apple-darwin13.4.0/libxml2/2.9.2/include/libxml2 -I/Users/yannis/railsapps/kendocup/vendor/bundle/ruby/2.1.0/gems/nokogiri-1.6.4.1/ports/x86_64-apple-darwin13.4.0/libxml2/2.9.2/include/libxml2 -I/Users/yannis/.rbenv/versions/2.1.4/include  -D_XOPEN_SOURCE -D_DARWIN_C_SOURCE -D_DARWIN_UNLIMITED_SELECT -D_REENTRANT   -DNOKOGIRI_LIBXML2_PATH\=\"/Users/yannis/railsapps/kendocup/vendor/bundle/ruby/2.1.0/gems/nokogiri-1.6.4.1/ports/x86_64-apple-darwin13.4.0/libxml2/2.9.2\" -DNOKOGIRI_LIBXML2_PATCHES\=\"0001-Revert-Missing-initialization-for-the-catalog-module.patch\ 0002-Fix-missing-entities-after-CVE-2014-3660-fix.patch\" -DNOKOGIRI_LIBXSLT_PATH\=\"/Users/yannis/railsapps/kendocup/vendor/bundle/ruby/2.1.0/gems/nokogiri-1.6.4.1/ports/x86_64-apple-darwin13.4.0/libxslt/1.1.28\" -DNOKOGIRI_LIBXSLT_PATCHES\=\"0001-Adding-doc-update-related-to-1.1.28.patch\ 0002-Fix-a-couple-of-places-where-f-printf-parameters-wer.patch\ 0003-Initialize-pseudo-random-number-generator-with-curre.patch\ 0004-EXSLT-function-str-replace-is-broken-as-is.patch\ 0006-Fix-str-padding-to-work-with-UTF-8-strings.patch\ 0007-Separate-function-for-predicate-matching-in-patterns.patch\ 0008-Fix-direct-pattern-matching.patch\ 0009-Fix-certain-patterns-with-predicates.patch\ 0010-Fix-handling-of-UTF-8-strings-in-EXSLT-crypto-module.patch\ 0013-Memory-leak-in-xsltCompileIdKeyPattern-error-path.patch\ 0014-Fix-for-bug-436589.patch\ 0015-Fix-mkdir-for-mingw.patch\"  -O3 -Wno-error=shorten-64-to-32  -pipe  -Wall -Wcast-qual -Wwrite-strings -Wconversion -Wmissing-noreturn -Winline -DNOKOGIRI_USE_PACKAGED_LIBRARIES conftest.c  -L. -L/Users/yannis/.rbenv/versions/2.1.4/lib -L/Users/yannis/railsapps/kendocup/vendor/bundle/ruby/2.1.0/gems/nokogiri-1.6.4.1/ports/x86_64-apple-darwin13.4.0/libxml2/2.9.2/lib -L/Users/yannis/railsapps/kendocup/vendor/bundle/ruby/2.1.0/gems/nokogiri-1.6.4.1/ports/x86_64-apple-darwin13.4.0/libxslt/1.1.28/lib -L. -L/Users/yannis/.rbenv/versions/2.1.4/lib  -fstack-protector    /Users/yannis/railsapps/kendocup/vendor/bundle/ruby/2.1.0/gems/nokogiri-1.6.4.1/ports/x86_64-apple-darwin13.4.0/libxslt/1.1.28/lib/libexslt.a -lm -liconv -lpthread -lz /Users/yannis/railsapps/kendocup/vendor/bundle/ruby/2.1.0/gems/nokogiri-1.6.4.1/ports/x86_64-apple-darwin13.4.0/libxml2/2.9.2/lib/libxml2.a /Users/yannis/railsapps/kendocup/vendor/bundle/ruby/2.1.0/gems/nokogiri-1.6.4.1/ports/x86_64-apple-darwin13.4.0/libxslt/1.1.28/lib/libxslt.a -lm -liconv -lpthread -lz /Users/yannis/railsapps/kendocup/vendor/bundle/ruby/2.1.0/gems/nokogiri-1.6.4.1/ports/x86_64-apple-darwin13.4.0/libxml2/2.9.2/lib/libxml2.a -llzma -lruby-static -framework CoreFoundation /Users/yannis/railsapps/kendocup/vendor/bundle/ruby/2.1.0/gems/nokogiri-1.6.4.1/ports/x86_64-apple-darwin13.4.0/libxslt/1.1.28/lib/libexslt.a -lm -liconv -lpthread -lz /Users/yannis/railsapps/kendocup/vendor/bundle/ruby/2.1.0/gems/nokogiri-1.6.4.1/ports/x86_64-apple-darwin13.4.0/libxml2/2.9.2/lib/libxml2.a /Users/yannis/railsapps/kendocup/vendor/bundle/ruby/2.1.0/gems/nokogiri-1.6.4.1/ports/x86_64-apple-darwin13.4.0/libxslt/1.1.28/lib/libxslt.a -lm -liconv -lpthread -lz /Users/yannis/railsapps/kendocup/vendor/bundle/ruby/2.1.0/gems/nokogiri-1.6.4.1/ports/x86_64-apple-darwin13.4.0/libxml2/2.9.2/lib/libxml2.a -llzma -lpthread -ldl -lobjc  "
conftest.c: In function ‘t’:
conftest.c:13: warning: implicit declaration of function ‘xmlRelaxNGSetValidStructuredErrors’
checked program was:
/* begin */
 1: #include "ruby.h"
 2: 
 3: /*top*/
 4: extern int t(void);
 5: int main(int argc, char **argv)
 6: {
 7:   if (argc > 1000000) {
 8:     printf("%p", &t);
 9:   }
10: 
11:   return 0;
12: }
13: int t(void) { xmlRelaxNGSetValidStructuredErrors(); return 0; }
/* end */

--------------------

have_func: checking for xmlSchemaSetValidStructuredErrors()... -------------------- yes

"gcc-4.2 -o conftest -I/Users/yannis/.rbenv/versions/2.1.4/include/ruby-2.1.0/x86_64-darwin13.0 -I/Users/yannis/.rbenv/versions/2.1.4/include/ruby-2.1.0/ruby/backward -I/Users/yannis/.rbenv/versions/2.1.4/include/ruby-2.1.0 -I. -I/Users/yannis/railsapps/kendocup/vendor/bundle/ruby/2.1.0/gems/nokogiri-1.6.4.1/ports/x86_64-apple-darwin13.4.0/libxslt/1.1.28/include -I/Users/yannis/railsapps/kendocup/vendor/bundle/ruby/2.1.0/gems/nokogiri-1.6.4.1/ports/x86_64-apple-darwin13.4.0/libxml2/2.9.2/include/libxml2 -I/Users/yannis/railsapps/kendocup/vendor/bundle/ruby/2.1.0/gems/nokogiri-1.6.4.1/ports/x86_64-apple-darwin13.4.0/libxml2/2.9.2/include/libxml2 -I/Users/yannis/.rbenv/versions/2.1.4/include  -D_XOPEN_SOURCE -D_DARWIN_C_SOURCE -D_DARWIN_UNLIMITED_SELECT -D_REENTRANT   -DNOKOGIRI_LIBXML2_PATH\=\"/Users/yannis/railsapps/kendocup/vendor/bundle/ruby/2.1.0/gems/nokogiri-1.6.4.1/ports/x86_64-apple-darwin13.4.0/libxml2/2.9.2\" -DNOKOGIRI_LIBXML2_PATCHES\=\"0001-Revert-Missing-initialization-for-the-catalog-module.patch\ 0002-Fix-missing-entities-after-CVE-2014-3660-fix.patch\" -DNOKOGIRI_LIBXSLT_PATH\=\"/Users/yannis/railsapps/kendocup/vendor/bundle/ruby/2.1.0/gems/nokogiri-1.6.4.1/ports/x86_64-apple-darwin13.4.0/libxslt/1.1.28\" -DNOKOGIRI_LIBXSLT_PATCHES\=\"0001-Adding-doc-update-related-to-1.1.28.patch\ 0002-Fix-a-couple-of-places-where-f-printf-parameters-wer.patch\ 0003-Initialize-pseudo-random-number-generator-with-curre.patch\ 0004-EXSLT-function-str-replace-is-broken-as-is.patch\ 0006-Fix-str-padding-to-work-with-UTF-8-strings.patch\ 0007-Separate-function-for-predicate-matching-in-patterns.patch\ 0008-Fix-direct-pattern-matching.patch\ 0009-Fix-certain-patterns-with-predicates.patch\ 0010-Fix-handling-of-UTF-8-strings-in-EXSLT-crypto-module.patch\ 0013-Memory-leak-in-xsltCompileIdKeyPattern-error-path.patch\ 0014-Fix-for-bug-436589.patch\ 0015-Fix-mkdir-for-mingw.patch\"  -O3 -Wno-error=shorten-64-to-32  -pipe  -Wall -Wcast-qual -Wwrite-strings -Wconversion -Wmissing-noreturn -Winline -DNOKOGIRI_USE_PACKAGED_LIBRARIES conftest.c  -L. -L/Users/yannis/.rbenv/versions/2.1.4/lib -L/Users/yannis/railsapps/kendocup/vendor/bundle/ruby/2.1.0/gems/nokogiri-1.6.4.1/ports/x86_64-apple-darwin13.4.0/libxml2/2.9.2/lib -L/Users/yannis/railsapps/kendocup/vendor/bundle/ruby/2.1.0/gems/nokogiri-1.6.4.1/ports/x86_64-apple-darwin13.4.0/libxslt/1.1.28/lib -L. -L/Users/yannis/.rbenv/versions/2.1.4/lib  -fstack-protector    /Users/yannis/railsapps/kendocup/vendor/bundle/ruby/2.1.0/gems/nokogiri-1.6.4.1/ports/x86_64-apple-darwin13.4.0/libxslt/1.1.28/lib/libexslt.a -lm -liconv -lpthread -lz /Users/yannis/railsapps/kendocup/vendor/bundle/ruby/2.1.0/gems/nokogiri-1.6.4.1/ports/x86_64-apple-darwin13.4.0/libxml2/2.9.2/lib/libxml2.a /Users/yannis/railsapps/kendocup/vendor/bundle/ruby/2.1.0/gems/nokogiri-1.6.4.1/ports/x86_64-apple-darwin13.4.0/libxslt/1.1.28/lib/libxslt.a -lm -liconv -lpthread -lz /Users/yannis/railsapps/kendocup/vendor/bundle/ruby/2.1.0/gems/nokogiri-1.6.4.1/ports/x86_64-apple-darwin13.4.0/libxml2/2.9.2/lib/libxml2.a -llzma -lruby-static -framework CoreFoundation /Users/yannis/railsapps/kendocup/vendor/bundle/ruby/2.1.0/gems/nokogiri-1.6.4.1/ports/x86_64-apple-darwin13.4.0/libxslt/1.1.28/lib/libexslt.a -lm -liconv -lpthread -lz /Users/yannis/railsapps/kendocup/vendor/bundle/ruby/2.1.0/gems/nokogiri-1.6.4.1/ports/x86_64-apple-darwin13.4.0/libxml2/2.9.2/lib/libxml2.a /Users/yannis/railsapps/kendocup/vendor/bundle/ruby/2.1.0/gems/nokogiri-1.6.4.1/ports/x86_64-apple-darwin13.4.0/libxslt/1.1.28/lib/libxslt.a -lm -liconv -lpthread -lz /Users/yannis/railsapps/kendocup/vendor/bundle/ruby/2.1.0/gems/nokogiri-1.6.4.1/ports/x86_64-apple-darwin13.4.0/libxml2/2.9.2/lib/libxml2.a -llzma -lpthread -ldl -lobjc  "
conftest.c: In function ‘t’:
conftest.c:13: error: ‘xmlSchemaSetValidStructuredErrors’ undeclared (first use in this function)
conftest.c:13: error: (Each undeclared identifier is reported only once
conftest.c:13: error: for each function it appears in.)
checked program was:
/* begin */
 1: #include "ruby.h"
 2: 
 3: /*top*/
 4: extern int t(void);
 5: int main(int argc, char **argv)
 6: {
 7:   if (argc > 1000000) {
 8:     printf("%p", &t);
 9:   }
10: 
11:   return 0;
12: }
13: int t(void) { void ((*volatile p)()); p = (void ((*)()))xmlSchemaSetValidStructuredErrors; return 0; }
/* end */

"gcc-4.2 -o conftest -I/Users/yannis/.rbenv/versions/2.1.4/include/ruby-2.1.0/x86_64-darwin13.0 -I/Users/yannis/.rbenv/versions/2.1.4/include/ruby-2.1.0/ruby/backward -I/Users/yannis/.rbenv/versions/2.1.4/include/ruby-2.1.0 -I. -I/Users/yannis/railsapps/kendocup/vendor/bundle/ruby/2.1.0/gems/nokogiri-1.6.4.1/ports/x86_64-apple-darwin13.4.0/libxslt/1.1.28/include -I/Users/yannis/railsapps/kendocup/vendor/bundle/ruby/2.1.0/gems/nokogiri-1.6.4.1/ports/x86_64-apple-darwin13.4.0/libxml2/2.9.2/include/libxml2 -I/Users/yannis/railsapps/kendocup/vendor/bundle/ruby/2.1.0/gems/nokogiri-1.6.4.1/ports/x86_64-apple-darwin13.4.0/libxml2/2.9.2/include/libxml2 -I/Users/yannis/.rbenv/versions/2.1.4/include  -D_XOPEN_SOURCE -D_DARWIN_C_SOURCE -D_DARWIN_UNLIMITED_SELECT -D_REENTRANT   -DNOKOGIRI_LIBXML2_PATH\=\"/Users/yannis/railsapps/kendocup/vendor/bundle/ruby/2.1.0/gems/nokogiri-1.6.4.1/ports/x86_64-apple-darwin13.4.0/libxml2/2.9.2\" -DNOKOGIRI_LIBXML2_PATCHES\=\"0001-Revert-Missing-initialization-for-the-catalog-module.patch\ 0002-Fix-missing-entities-after-CVE-2014-3660-fix.patch\" -DNOKOGIRI_LIBXSLT_PATH\=\"/Users/yannis/railsapps/kendocup/vendor/bundle/ruby/2.1.0/gems/nokogiri-1.6.4.1/ports/x86_64-apple-darwin13.4.0/libxslt/1.1.28\" -DNOKOGIRI_LIBXSLT_PATCHES\=\"0001-Adding-doc-update-related-to-1.1.28.patch\ 0002-Fix-a-couple-of-places-where-f-printf-parameters-wer.patch\ 0003-Initialize-pseudo-random-number-generator-with-curre.patch\ 0004-EXSLT-function-str-replace-is-broken-as-is.patch\ 0006-Fix-str-padding-to-work-with-UTF-8-strings.patch\ 0007-Separate-function-for-predicate-matching-in-patterns.patch\ 0008-Fix-direct-pattern-matching.patch\ 0009-Fix-certain-patterns-with-predicates.patch\ 0010-Fix-handling-of-UTF-8-strings-in-EXSLT-crypto-module.patch\ 0013-Memory-leak-in-xsltCompileIdKeyPattern-error-path.patch\ 0014-Fix-for-bug-436589.patch\ 0015-Fix-mkdir-for-mingw.patch\"  -O3 -Wno-error=shorten-64-to-32  -pipe  -Wall -Wcast-qual -Wwrite-strings -Wconversion -Wmissing-noreturn -Winline -DNOKOGIRI_USE_PACKAGED_LIBRARIES conftest.c  -L. -L/Users/yannis/.rbenv/versions/2.1.4/lib -L/Users/yannis/railsapps/kendocup/vendor/bundle/ruby/2.1.0/gems/nokogiri-1.6.4.1/ports/x86_64-apple-darwin13.4.0/libxml2/2.9.2/lib -L/Users/yannis/railsapps/kendocup/vendor/bundle/ruby/2.1.0/gems/nokogiri-1.6.4.1/ports/x86_64-apple-darwin13.4.0/libxslt/1.1.28/lib -L. -L/Users/yannis/.rbenv/versions/2.1.4/lib  -fstack-protector    /Users/yannis/railsapps/kendocup/vendor/bundle/ruby/2.1.0/gems/nokogiri-1.6.4.1/ports/x86_64-apple-darwin13.4.0/libxslt/1.1.28/lib/libexslt.a -lm -liconv -lpthread -lz /Users/yannis/railsapps/kendocup/vendor/bundle/ruby/2.1.0/gems/nokogiri-1.6.4.1/ports/x86_64-apple-darwin13.4.0/libxml2/2.9.2/lib/libxml2.a /Users/yannis/railsapps/kendocup/vendor/bundle/ruby/2.1.0/gems/nokogiri-1.6.4.1/ports/x86_64-apple-darwin13.4.0/libxslt/1.1.28/lib/libxslt.a -lm -liconv -lpthread -lz /Users/yannis/railsapps/kendocup/vendor/bundle/ruby/2.1.0/gems/nokogiri-1.6.4.1/ports/x86_64-apple-darwin13.4.0/libxml2/2.9.2/lib/libxml2.a -llzma -lruby-static -framework CoreFoundation /Users/yannis/railsapps/kendocup/vendor/bundle/ruby/2.1.0/gems/nokogiri-1.6.4.1/ports/x86_64-apple-darwin13.4.0/libxslt/1.1.28/lib/libexslt.a -lm -liconv -lpthread -lz /Users/yannis/railsapps/kendocup/vendor/bundle/ruby/2.1.0/gems/nokogiri-1.6.4.1/ports/x86_64-apple-darwin13.4.0/libxml2/2.9.2/lib/libxml2.a /Users/yannis/railsapps/kendocup/vendor/bundle/ruby/2.1.0/gems/nokogiri-1.6.4.1/ports/x86_64-apple-darwin13.4.0/libxslt/1.1.28/lib/libxslt.a -lm -liconv -lpthread -lz /Users/yannis/railsapps/kendocup/vendor/bundle/ruby/2.1.0/gems/nokogiri-1.6.4.1/ports/x86_64-apple-darwin13.4.0/libxml2/2.9.2/lib/libxml2.a -llzma -lpthread -ldl -lobjc  "
conftest.c: In function ‘t’:
conftest.c:13: warning: implicit declaration of function ‘xmlSchemaSetValidStructuredErrors’
checked program was:
/* begin */
 1: #include "ruby.h"
 2: 
 3: /*top*/
 4: extern int t(void);
 5: int main(int argc, char **argv)
 6: {
 7:   if (argc > 1000000) {
 8:     printf("%p", &t);
 9:   }
10: 
11:   return 0;
12: }
13: int t(void) { xmlSchemaSetValidStructuredErrors(); return 0; }
/* end */

--------------------

have_func: checking for xmlSchemaSetParserStructuredErrors()... -------------------- yes

"gcc-4.2 -o conftest -I/Users/yannis/.rbenv/versions/2.1.4/include/ruby-2.1.0/x86_64-darwin13.0 -I/Users/yannis/.rbenv/versions/2.1.4/include/ruby-2.1.0/ruby/backward -I/Users/yannis/.rbenv/versions/2.1.4/include/ruby-2.1.0 -I. -I/Users/yannis/railsapps/kendocup/vendor/bundle/ruby/2.1.0/gems/nokogiri-1.6.4.1/ports/x86_64-apple-darwin13.4.0/libxslt/1.1.28/include -I/Users/yannis/railsapps/kendocup/vendor/bundle/ruby/2.1.0/gems/nokogiri-1.6.4.1/ports/x86_64-apple-darwin13.4.0/libxml2/2.9.2/include/libxml2 -I/Users/yannis/railsapps/kendocup/vendor/bundle/ruby/2.1.0/gems/nokogiri-1.6.4.1/ports/x86_64-apple-darwin13.4.0/libxml2/2.9.2/include/libxml2 -I/Users/yannis/.rbenv/versions/2.1.4/include  -D_XOPEN_SOURCE -D_DARWIN_C_SOURCE -D_DARWIN_UNLIMITED_SELECT -D_REENTRANT   -DNOKOGIRI_LIBXML2_PATH\=\"/Users/yannis/railsapps/kendocup/vendor/bundle/ruby/2.1.0/gems/nokogiri-1.6.4.1/ports/x86_64-apple-darwin13.4.0/libxml2/2.9.2\" -DNOKOGIRI_LIBXML2_PATCHES\=\"0001-Revert-Missing-initialization-for-the-catalog-module.patch\ 0002-Fix-missing-entities-after-CVE-2014-3660-fix.patch\" -DNOKOGIRI_LIBXSLT_PATH\=\"/Users/yannis/railsapps/kendocup/vendor/bundle/ruby/2.1.0/gems/nokogiri-1.6.4.1/ports/x86_64-apple-darwin13.4.0/libxslt/1.1.28\" -DNOKOGIRI_LIBXSLT_PATCHES\=\"0001-Adding-doc-update-related-to-1.1.28.patch\ 0002-Fix-a-couple-of-places-where-f-printf-parameters-wer.patch\ 0003-Initialize-pseudo-random-number-generator-with-curre.patch\ 0004-EXSLT-function-str-replace-is-broken-as-is.patch\ 0006-Fix-str-padding-to-work-with-UTF-8-strings.patch\ 0007-Separate-function-for-predicate-matching-in-patterns.patch\ 0008-Fix-direct-pattern-matching.patch\ 0009-Fix-certain-patterns-with-predicates.patch\ 0010-Fix-handling-of-UTF-8-strings-in-EXSLT-crypto-module.patch\ 0013-Memory-leak-in-xsltCompileIdKeyPattern-error-path.patch\ 0014-Fix-for-bug-436589.patch\ 0015-Fix-mkdir-for-mingw.patch\"  -O3 -Wno-error=shorten-64-to-32  -pipe  -Wall -Wcast-qual -Wwrite-strings -Wconversion -Wmissing-noreturn -Winline -DNOKOGIRI_USE_PACKAGED_LIBRARIES conftest.c  -L. -L/Users/yannis/.rbenv/versions/2.1.4/lib -L/Users/yannis/railsapps/kendocup/vendor/bundle/ruby/2.1.0/gems/nokogiri-1.6.4.1/ports/x86_64-apple-darwin13.4.0/libxml2/2.9.2/lib -L/Users/yannis/railsapps/kendocup/vendor/bundle/ruby/2.1.0/gems/nokogiri-1.6.4.1/ports/x86_64-apple-darwin13.4.0/libxslt/1.1.28/lib -L. -L/Users/yannis/.rbenv/versions/2.1.4/lib  -fstack-protector    /Users/yannis/railsapps/kendocup/vendor/bundle/ruby/2.1.0/gems/nokogiri-1.6.4.1/ports/x86_64-apple-darwin13.4.0/libxslt/1.1.28/lib/libexslt.a -lm -liconv -lpthread -lz /Users/yannis/railsapps/kendocup/vendor/bundle/ruby/2.1.0/gems/nokogiri-1.6.4.1/ports/x86_64-apple-darwin13.4.0/libxml2/2.9.2/lib/libxml2.a /Users/yannis/railsapps/kendocup/vendor/bundle/ruby/2.1.0/gems/nokogiri-1.6.4.1/ports/x86_64-apple-darwin13.4.0/libxslt/1.1.28/lib/libxslt.a -lm -liconv -lpthread -lz /Users/yannis/railsapps/kendocup/vendor/bundle/ruby/2.1.0/gems/nokogiri-1.6.4.1/ports/x86_64-apple-darwin13.4.0/libxml2/2.9.2/lib/libxml2.a -llzma -lruby-static -framework CoreFoundation /Users/yannis/railsapps/kendocup/vendor/bundle/ruby/2.1.0/gems/nokogiri-1.6.4.1/ports/x86_64-apple-darwin13.4.0/libxslt/1.1.28/lib/libexslt.a -lm -liconv -lpthread -lz /Users/yannis/railsapps/kendocup/vendor/bundle/ruby/2.1.0/gems/nokogiri-1.6.4.1/ports/x86_64-apple-darwin13.4.0/libxml2/2.9.2/lib/libxml2.a /Users/yannis/railsapps/kendocup/vendor/bundle/ruby/2.1.0/gems/nokogiri-1.6.4.1/ports/x86_64-apple-darwin13.4.0/libxslt/1.1.28/lib/libxslt.a -lm -liconv -lpthread -lz /Users/yannis/railsapps/kendocup/vendor/bundle/ruby/2.1.0/gems/nokogiri-1.6.4.1/ports/x86_64-apple-darwin13.4.0/libxml2/2.9.2/lib/libxml2.a -llzma -lpthread -ldl -lobjc  "
conftest.c: In function ‘t’:
conftest.c:13: error: ‘xmlSchemaSetParserStructuredErrors’ undeclared (first use in this function)
conftest.c:13: error: (Each undeclared identifier is reported only once
conftest.c:13: error: for each function it appears in.)
checked program was:
/* begin */
 1: #include "ruby.h"
 2: 
 3: /*top*/
 4: extern int t(void);
 5: int main(int argc, char **argv)
 6: {
 7:   if (argc > 1000000) {
 8:     printf("%p", &t);
 9:   }
10: 
11:   return 0;
12: }
13: int t(void) { void ((*volatile p)()); p = (void ((*)()))xmlSchemaSetParserStructuredErrors; return 0; }
/* end */

"gcc-4.2 -o conftest -I/Users/yannis/.rbenv/versions/2.1.4/include/ruby-2.1.0/x86_64-darwin13.0 -I/Users/yannis/.rbenv/versions/2.1.4/include/ruby-2.1.0/ruby/backward -I/Users/yannis/.rbenv/versions/2.1.4/include/ruby-2.1.0 -I. -I/Users/yannis/railsapps/kendocup/vendor/bundle/ruby/2.1.0/gems/nokogiri-1.6.4.1/ports/x86_64-apple-darwin13.4.0/libxslt/1.1.28/include -I/Users/yannis/railsapps/kendocup/vendor/bundle/ruby/2.1.0/gems/nokogiri-1.6.4.1/ports/x86_64-apple-darwin13.4.0/libxml2/2.9.2/include/libxml2 -I/Users/yannis/railsapps/kendocup/vendor/bundle/ruby/2.1.0/gems/nokogiri-1.6.4.1/ports/x86_64-apple-darwin13.4.0/libxml2/2.9.2/include/libxml2 -I/Users/yannis/.rbenv/versions/2.1.4/include  -D_XOPEN_SOURCE -D_DARWIN_C_SOURCE -D_DARWIN_UNLIMITED_SELECT -D_REENTRANT   -DNOKOGIRI_LIBXML2_PATH\=\"/Users/yannis/railsapps/kendocup/vendor/bundle/ruby/2.1.0/gems/nokogiri-1.6.4.1/ports/x86_64-apple-darwin13.4.0/libxml2/2.9.2\" -DNOKOGIRI_LIBXML2_PATCHES\=\"0001-Revert-Missing-initialization-for-the-catalog-module.patch\ 0002-Fix-missing-entities-after-CVE-2014-3660-fix.patch\" -DNOKOGIRI_LIBXSLT_PATH\=\"/Users/yannis/railsapps/kendocup/vendor/bundle/ruby/2.1.0/gems/nokogiri-1.6.4.1/ports/x86_64-apple-darwin13.4.0/libxslt/1.1.28\" -DNOKOGIRI_LIBXSLT_PATCHES\=\"0001-Adding-doc-update-related-to-1.1.28.patch\ 0002-Fix-a-couple-of-places-where-f-printf-parameters-wer.patch\ 0003-Initialize-pseudo-random-number-generator-with-curre.patch\ 0004-EXSLT-function-str-replace-is-broken-as-is.patch\ 0006-Fix-str-padding-to-work-with-UTF-8-strings.patch\ 0007-Separate-function-for-predicate-matching-in-patterns.patch\ 0008-Fix-direct-pattern-matching.patch\ 0009-Fix-certain-patterns-with-predicates.patch\ 0010-Fix-handling-of-UTF-8-strings-in-EXSLT-crypto-module.patch\ 0013-Memory-leak-in-xsltCompileIdKeyPattern-error-path.patch\ 0014-Fix-for-bug-436589.patch\ 0015-Fix-mkdir-for-mingw.patch\"  -O3 -Wno-error=shorten-64-to-32  -pipe  -Wall -Wcast-qual -Wwrite-strings -Wconversion -Wmissing-noreturn -Winline -DNOKOGIRI_USE_PACKAGED_LIBRARIES conftest.c  -L. -L/Users/yannis/.rbenv/versions/2.1.4/lib -L/Users/yannis/railsapps/kendocup/vendor/bundle/ruby/2.1.0/gems/nokogiri-1.6.4.1/ports/x86_64-apple-darwin13.4.0/libxml2/2.9.2/lib -L/Users/yannis/railsapps/kendocup/vendor/bundle/ruby/2.1.0/gems/nokogiri-1.6.4.1/ports/x86_64-apple-darwin13.4.0/libxslt/1.1.28/lib -L. -L/Users/yannis/.rbenv/versions/2.1.4/lib  -fstack-protector    /Users/yannis/railsapps/kendocup/vendor/bundle/ruby/2.1.0/gems/nokogiri-1.6.4.1/ports/x86_64-apple-darwin13.4.0/libxslt/1.1.28/lib/libexslt.a -lm -liconv -lpthread -lz /Users/yannis/railsapps/kendocup/vendor/bundle/ruby/2.1.0/gems/nokogiri-1.6.4.1/ports/x86_64-apple-darwin13.4.0/libxml2/2.9.2/lib/libxml2.a /Users/yannis/railsapps/kendocup/vendor/bundle/ruby/2.1.0/gems/nokogiri-1.6.4.1/ports/x86_64-apple-darwin13.4.0/libxslt/1.1.28/lib/libxslt.a -lm -liconv -lpthread -lz /Users/yannis/railsapps/kendocup/vendor/bundle/ruby/2.1.0/gems/nokogiri-1.6.4.1/ports/x86_64-apple-darwin13.4.0/libxml2/2.9.2/lib/libxml2.a -llzma -lruby-static -framework CoreFoundation /Users/yannis/railsapps/kendocup/vendor/bundle/ruby/2.1.0/gems/nokogiri-1.6.4.1/ports/x86_64-apple-darwin13.4.0/libxslt/1.1.28/lib/libexslt.a -lm -liconv -lpthread -lz /Users/yannis/railsapps/kendocup/vendor/bundle/ruby/2.1.0/gems/nokogiri-1.6.4.1/ports/x86_64-apple-darwin13.4.0/libxml2/2.9.2/lib/libxml2.a /Users/yannis/railsapps/kendocup/vendor/bundle/ruby/2.1.0/gems/nokogiri-1.6.4.1/ports/x86_64-apple-darwin13.4.0/libxslt/1.1.28/lib/libxslt.a -lm -liconv -lpthread -lz /Users/yannis/railsapps/kendocup/vendor/bundle/ruby/2.1.0/gems/nokogiri-1.6.4.1/ports/x86_64-apple-darwin13.4.0/libxml2/2.9.2/lib/libxml2.a -llzma -lpthread -ldl -lobjc  "
conftest.c: In function ‘t’:
conftest.c:13: warning: implicit declaration of function ‘xmlSchemaSetParserStructuredErrors’
checked program was:
/* begin */
 1: #include "ruby.h"
 2: 
 3: /*top*/
 4: extern int t(void);
 5: int main(int argc, char **argv)
 6: {
 7:   if (argc > 1000000) {
 8:     printf("%p", &t);
 9:   }
10: 
11:   return 0;
12: }
13: int t(void) { xmlSchemaSetParserStructuredErrors(); return 0; }
/* end */

--------------------

